JvmtiExport can_access_local_variables 0
JvmtiExport can_hotswap_or_post_breakpoint 0
JvmtiExport can_post_on_exceptions 0
# 340 ciObject found
ciMethod java/lang/Object <init> ()V 4097 1 181307 0 0
ciMethod java/lang/Object hashCode ()I 2049 1 256 0 -1
ciMethod java/lang/Object equals (Ljava/lang/Object;)Z 2073 1 7980 0 64
ciMethod java/lang/Object notifyAll ()V 2057 1 257 0 -1
ciMethod java/lang/Object wait ()V 57 1 153 0 -1
ciMethod java/lang/Thread currentThread ()Ljava/lang/Thread; 2049 1 256 0 -1
ciMethod java/lang/Thread interrupt ()V 0 0 1 0 0
ciMethod java/lang/Thread interrupted ()Z 337 1 5044 0 0
ciMethod java/lang/Thread isInterrupted (Z)Z 2049 1 256 0 -1
ciMethod java/lang/Thread checkAccess ()V 393 1 49 0 -1
ciMethod java/lang/Thread interrupt0 ()V 0 0 1 0 -1
ciMethod java/util/Map isEmpty ()Z 0 0 1 0 -1
ciMethod java/util/Map get (Ljava/lang/Object;)Ljava/lang/Object; 0 0 1 0 -1
ciMethod sun/misc/Unsafe putObject (Ljava/lang/Object;JLjava/lang/Object;)V 3073 1 384 0 -1
ciMethod sun/misc/Unsafe compareAndSwapObject (Ljava/lang/Object;JLjava/lang/Object;Ljava/lang/Object;)Z 2049 1 256 0 -1
ciMethod sun/misc/Unsafe compareAndSwapInt (Ljava/lang/Object;JII)Z 2049 1 256 0 -1
ciMethod sun/misc/Unsafe park (ZJ)V 2049 1 256 0 -1
ciMethod java/util/Set isEmpty ()Z 0 0 1 0 -1
ciMethod java/util/Set add (Ljava/lang/Object;)Z 0 0 1 0 -1
ciMethod java/util/Set remove (Ljava/lang/Object;)Z 0 0 1 0 -1
ciMethod java/util/HashMap hash (Ljava/lang/Object;)I 2193 1 28755 0 160
ciMethod java/util/HashMap put (Ljava/lang/Object;Ljava/lang/Object;)Ljava/lang/Object; 2049 1 11544 0 192
ciMethod java/util/HashMap putVal (ILjava/lang/Object;Ljava/lang/Object;ZZ)Ljava/lang/Object; 2049 105 11523 0 2080
ciMethod java/util/HashMap resize ()[Ljava/util/HashMap$Node; 369 1553 1416 0 -1
ciMethod java/util/HashMap treeifyBin ([Ljava/util/HashMap$Node;I)V 1 1 5 0 -1
ciMethod java/util/HashMap remove (Ljava/lang/Object;)Ljava/lang/Object; 2049 1 3078 0 0
ciMethod java/util/HashMap removeNode (ILjava/lang/Object;Ljava/lang/Object;ZZ)Ljava/util/HashMap$Node; 2049 1 3078 0 0
ciMethod java/util/HashMap newNode (ILjava/lang/Object;Ljava/lang/Object;Ljava/util/HashMap$Node;)Ljava/util/HashMap$Node; 2113 1 5398 0 -1
ciMethod java/util/HashMap afterNodeAccess (Ljava/util/HashMap$Node;)V 3417 1 1173 0 -1
ciMethod java/util/HashMap afterNodeInsertion (Z)V 2121 1 1446 0 -1
ciMethod java/util/HashMap afterNodeRemoval (Ljava/util/HashMap$Node;)V 2049 1 1280 0 0
ciMethodData java/lang/Object <init> ()V 2 181307 orig 264 88 131 184 95 0 0 0 0 128 4 2 23 0 0 0 0 32 1 0 0 0 0 0 0 0 0 0 0 0 0 0 0 0 0 0 0 0 0 0 0 0 0 0 0 0 0 0 0 0 0 0 0 0 0 0 0 0 0 0 0 0 0 0 0 0 0 0 0 0 0 0 0 0 0 0 0 0 0 0 0 77 68 79 32 101 120 116 114 97 32 100 97 116 97 32 108 111 99 107 0 0 0 0 0 0 0 0 0 0 0 0 0 0 0 0 0 0 0 0 0 0 0 0 0 0 0 0 0 0 0 0 0 0 0 0 0 0 0 0 0 0 0 0 0 0 0 0 0 0 0 0 0 0 0 0 0 0 0 0 0 0 0 0 0 0 0 0 0 0 0 0 0 0 0 0 0 0 0 0 0 0 0 0 0 1 0 0 0 0 0 0 0 1 0 0 0 0 0 0 0 1 0 0 0 0 0 0 0 0 0 0 0 0 0 0 0 0 2 0 0 217 17 22 0 1 0 0 0 0 0 0 0 0 0 0 0 2 0 0 0 0 0 3 0 1 0 0 0 0 0 0 0 255 255 255 255 0 0 0 0 0 0 0 0 data 0 oops 0
ciMethod java/util/HashMap$TreeNode getTreeNode (ILjava/lang/Object;)Ljava/util/HashMap$TreeNode; 2105 1 579 0 -1
ciMethod java/util/HashMap$TreeNode putTreeVal (Ljava/util/HashMap;[Ljava/util/HashMap$Node;ILjava/lang/Object;Ljava/lang/Object;)Ljava/util/HashMap$TreeNode; 17 33 15 0 -1
ciMethod java/util/HashMap$TreeNode removeTreeNode (Ljava/util/HashMap;[Ljava/util/HashMap$Node;Z)V 0 0 1 0 -1
ciMethod java/util/concurrent/locks/Lock lock ()V 0 0 1 0 -1
ciMethod java/util/concurrent/locks/Lock unlock ()V 0 0 1 0 -1
ciMethod java/util/concurrent/locks/ReentrantLock lock ()V 4097 1 14846 0 224
ciMethod java/util/concurrent/locks/ReentrantLock unlock ()V 4097 1 14885 0 160
ciMethod java/util/HashSet add (Ljava/lang/Object;)Z 3761 1 5591 0 288
ciMethod java/util/HashSet remove (Ljava/lang/Object;)Z 2049 1 2223 0 0
ciMethodData java/util/HashMap hash (Ljava/lang/Object;)I 2 28756 orig 264 88 131 184 95 0 0 0 0 104 136 16 23 0 0 0 0 176 1 0 0 32 0 0 0 0 0 0 0 0 0 0 0 0 0 0 0 0 0 0 0 0 0 0 0 0 0 0 0 0 0 0 0 0 0 0 0 0 0 0 0 0 0 0 0 0 0 0 0 0 0 0 0 0 0 0 0 0 0 0 0 77 68 79 32 101 120 116 114 97 32 100 97 116 97 32 108 111 99 107 0 0 0 0 0 0 0 0 0 0 0 0 0 0 0 0 0 0 0 0 0 0 0 0 0 0 0 0 0 0 0 0 0 0 0 0 0 0 0 0 0 0 0 0 0 0 0 0 0 0 0 0 0 0 0 0 0 0 0 0 0 0 0 0 0 0 0 0 0 0 0 0 0 0 0 0 0 0 0 0 0 0 0 0 0 17 0 0 0 0 0 0 0 0 0 0 0 0 0 0 0 0 0 0 0 0 0 0 0 0 0 0 0 0 0 0 0 18 1 0 0 17 122 3 0 1 0 0 0 0 0 0 0 0 0 0 0 2 0 0 0 0 0 6 0 2 0 0 0 104 0 0 0 255 255 255 255 7 0 1 0 0 0 0 0 data 13 0x10007 0x6b89 0x38 0x3b9 0x50003 0x3b9 0x48 0x90005 0x3f60 0x1912d760 0xc 0x1910e790 0x2c1d oops 2 9 java/security/CodeSource 11 java/lang/String
ciMethod java/awt/Component isCoalescingEnabled ()Z 1025 1 128 0 0
ciMethodData java/lang/Object equals (Ljava/lang/Object;)Z 2 7981 orig 264 88 131 184 95 0 0 0 0 232 6 2 23 0 0 0 0 136 1 0 0 0 0 0 0 0 0 0 0 0 0 0 0 0 0 0 0 0 0 0 0 0 0 0 0 0 0 0 0 0 0 0 0 0 0 0 0 0 0 0 0 0 0 0 0 0 0 0 0 0 0 0 0 0 0 0 0 0 0 0 0 77 68 79 32 101 120 116 114 97 32 100 97 116 97 32 108 111 99 107 0 0 0 0 0 0 0 0 0 0 0 0 0 0 0 0 0 0 0 0 0 0 0 0 0 0 0 0 0 0 0 0 0 0 0 0 0 0 0 0 0 0 0 0 0 0 0 0 0 0 0 0 0 0 0 0 0 0 0 0 0 0 0 0 0 0 0 0 0 0 0 0 0 0 0 0 0 0 0 0 0 0 0 0 0 0 0 0 0 0 0 0 0 0 0 0 0 0 0 0 0 0 0 0 0 0 0 0 0 0 0 0 0 0 0 0 0 3 1 0 0 81 241 0 0 1 0 0 0 0 0 0 0 0 0 0 0 2 0 0 0 0 0 6 0 2 0 0 0 56 0 0 0 255 255 255 255 7 0 2 0 0 0 0 0 data 7 0x20007 0x6a0 0x38 0x178a 0x60003 0x178a 0x18 oops 0
ciMethod java/awt/AWTEvent getID ()I 1041 1 130 0 0
ciMethod java/util/EventObject getSource ()Ljava/lang/Object; 1305 1 163 0 0
ciMethod java/awt/peer/ComponentPeer coalescePaintEvent (Ljava/awt/event/PaintEvent;)V 0 0 1 0 -1
ciMethodData java/util/HashMap put (Ljava/lang/Object;Ljava/lang/Object;)Ljava/lang/Object; 2 11544 orig 264 88 131 184 95 0 0 0 0 88 147 16 23 0 0 0 0 152 1 0 0 0 0 0 0 0 0 0 0 0 0 0 0 0 0 0 0 0 0 0 0 0 0 0 0 0 0 0 0 0 0 0 0 0 0 0 0 0 0 0 0 0 0 0 0 0 0 0 0 0 0 0 0 0 0 0 0 0 0 0 0 77 68 79 32 101 120 116 114 97 32 100 97 116 97 32 108 111 99 107 0 0 0 0 0 0 0 0 0 0 0 0 0 0 0 0 0 0 0 0 0 0 0 0 0 0 0 0 0 0 0 0 0 0 0 0 0 0 0 0 0 0 0 0 0 1 0 0 0 0 0 0 0 0 0 0 0 0 0 0 0 0 0 0 0 0 0 0 0 0 0 0 0 0 0 0 0 0 0 0 0 0 0 0 0 0 0 0 0 0 0 0 0 0 0 0 0 0 0 0 0 0 0 0 0 0 0 0 0 0 0 0 0 0 0 0 0 0 1 0 0 193 96 1 0 1 0 0 0 197 21 0 0 0 0 0 0 2 0 0 0 0 0 7 0 2 0 0 0 64 0 0 0 255 255 255 255 2 0 2 0 0 0 0 0 data 8 0x20002 0x2c18 0x90005 0x28c 0x1936c950 0x2986 0x1b0bc190 0x6 oops 2 4 java/util/HashMap 6 java/io/ExpiringCache$1
ciMethod sun/awt/SunToolkit flushPendingEvents (Lsun/awt/AppContext;)V 2105 1 12158 0 0
ciMethod java/util/concurrent/locks/ReentrantLock$NonfairSync lock ()V 4097 1 6728 0 192
ciMethod java/util/concurrent/locks/ReentrantLock$NonfairSync tryAcquire (I)Z 17 1 2950 0 0
ciMethod java/util/concurrent/locks/ReentrantLock$Sync lock ()V 0 0 1 0 -1
ciMethod java/util/concurrent/locks/ReentrantLock$Sync nonfairTryAcquire (I)Z 17 1 3467 0 0
ciMethod java/util/concurrent/locks/ReentrantLock$Sync tryRelease (I)Z 4097 1 5639 0 128
ciMethod java/util/concurrent/locks/ReentrantLock$Sync isHeldExclusively ()Z 2049 1 5377 0 96
ciMethod java/util/concurrent/locks/AbstractQueuedSynchronizer getState ()I 1057 1 132 0 0
ciMethod java/util/concurrent/locks/AbstractQueuedSynchronizer setState (I)V 4097 1 6552 0 0
ciMethod java/util/concurrent/locks/AbstractQueuedSynchronizer compareAndSetState (II)Z 4097 1 10279 0 0
ciMethod java/util/concurrent/locks/AbstractQueuedSynchronizer enq (Ljava/util/concurrent/locks/AbstractQueuedSynchronizer$Node;)Ljava/util/concurrent/locks/AbstractQueuedSynchronizer$Node; 2049 25 2184 0 0
ciMethod java/util/concurrent/locks/AbstractQueuedSynchronizer addWaiter (Ljava/util/concurrent/locks/AbstractQueuedSynchronizer$Node;)Ljava/util/concurrent/locks/AbstractQueuedSynchronizer$Node; 0 0 149 0 0
ciMethod java/util/concurrent/locks/AbstractQueuedSynchronizer setHead (Ljava/util/concurrent/locks/AbstractQueuedSynchronizer$Node;)V 3073 1 2419 0 -1
ciMethod java/util/concurrent/locks/AbstractQueuedSynchronizer unparkSuccessor (Ljava/util/concurrent/locks/AbstractQueuedSynchronizer$Node;)V 1 1 2409 0 0
ciMethod java/util/concurrent/locks/AbstractQueuedSynchronizer cancelAcquire (Ljava/util/concurrent/locks/AbstractQueuedSynchronizer$Node;)V 0 0 1 0 -1
ciMethod java/util/concurrent/locks/AbstractQueuedSynchronizer shouldParkAfterFailedAcquire (Ljava/util/concurrent/locks/AbstractQueuedSynchronizer$Node;Ljava/util/concurrent/locks/AbstractQueuedSynchronizer$Node;)Z 177 1 286 0 -1
ciMethod java/util/concurrent/locks/AbstractQueuedSynchronizer selfInterrupt ()V 0 0 1 0 0
ciMethod java/util/concurrent/locks/AbstractQueuedSynchronizer parkAndCheckInterrupt ()Z 89 1 143 0 -1
ciMethod java/util/concurrent/locks/AbstractQueuedSynchronizer acquireQueued (Ljava/util/concurrent/locks/AbstractQueuedSynchronizer$Node;I)Z 1 1 2419 0 0
ciMethod java/util/concurrent/locks/AbstractQueuedSynchronizer tryAcquire (I)Z 0 0 1 0 -1
ciMethod java/util/concurrent/locks/AbstractQueuedSynchronizer tryRelease (I)Z 0 0 1 0 -1
ciMethod java/util/concurrent/locks/AbstractQueuedSynchronizer isHeldExclusively ()Z 0 0 1 0 -1
ciMethod java/util/concurrent/locks/AbstractQueuedSynchronizer acquire (I)V 9 1 543 0 0
ciMethod java/util/concurrent/locks/AbstractQueuedSynchronizer release (I)Z 4097 1 8440 0 224
ciMethod java/util/concurrent/locks/AbstractQueuedSynchronizer isOnSyncQueue (Ljava/util/concurrent/locks/AbstractQueuedSynchronizer$Node;)Z 2049 1 4548 0 0
ciMethod java/util/concurrent/locks/AbstractQueuedSynchronizer findNodeFromTail (Ljava/util/concurrent/locks/AbstractQueuedSynchronizer$Node;)Z 1017 1 2268 0 0
ciMethod java/util/concurrent/locks/AbstractQueuedSynchronizer transferForSignal (Ljava/util/concurrent/locks/AbstractQueuedSynchronizer$Node;)Z 2049 1 2179 0 0
ciMethod java/util/concurrent/locks/AbstractQueuedSynchronizer transferAfterCancelledWait (Ljava/util/concurrent/locks/AbstractQueuedSynchronizer$Node;)Z 0 0 5 0 -1
ciMethod java/util/concurrent/locks/AbstractQueuedSynchronizer fullyRelease (Ljava/util/concurrent/locks/AbstractQueuedSynchronizer$Node;)I 3041 1 2275 0 0
ciMethod java/util/concurrent/locks/AbstractQueuedSynchronizer compareAndSetHead (Ljava/util/concurrent/locks/AbstractQueuedSynchronizer$Node;)Z 25 1 5 0 0
ciMethod java/util/concurrent/locks/AbstractQueuedSynchronizer compareAndSetTail (Ljava/util/concurrent/locks/AbstractQueuedSynchronizer$Node;Ljava/util/concurrent/locks/AbstractQueuedSynchronizer$Node;)Z 2049 1 2332 0 0
ciMethod java/util/concurrent/locks/AbstractQueuedSynchronizer compareAndSetWaitStatus (Ljava/util/concurrent/locks/AbstractQueuedSynchronizer$Node;II)Z 2065 1 6914 0 0
ciMethod java/util/concurrent/locks/AbstractOwnableSynchronizer setExclusiveOwnerThread (Ljava/lang/Thread;)V 2105 1 14277 0 0
ciMethod java/util/concurrent/locks/AbstractOwnableSynchronizer getExclusiveOwnerThread ()Ljava/lang/Thread; 1049 1 131 0 0
ciMethod java/util/concurrent/locks/AbstractQueuedSynchronizer$Node predecessor ()Ljava/util/concurrent/locks/AbstractQueuedSynchronizer$Node; 2049 1 2705 0 -1
ciMethod java/util/concurrent/locks/AbstractQueuedSynchronizer$Node <init> ()V 33 1 6 0 0
ciMethod java/util/concurrent/locks/AbstractQueuedSynchronizer$Node <init> (Ljava/lang/Thread;Ljava/util/concurrent/locks/AbstractQueuedSynchronizer$Node;)V 1193 1 149 0 -1
ciMethod java/util/concurrent/locks/AbstractQueuedSynchronizer$Node <init> (Ljava/lang/Thread;I)V 2049 1 2275 0 0
ciMethod java/util/concurrent/locks/Condition await ()V 0 0 1 0 -1
ciMethod java/util/concurrent/locks/Condition signalAll ()V 0 0 1 0 -1
ciMethod java/util/concurrent/locks/AbstractQueuedSynchronizer$ConditionObject addConditionWaiter ()Ljava/util/concurrent/locks/AbstractQueuedSynchronizer$Node; 2049 1 2275 0 0
ciMethod java/util/concurrent/locks/AbstractQueuedSynchronizer$ConditionObject doSignalAll (Ljava/util/concurrent/locks/AbstractQueuedSynchronizer$Node;)V 217 1 2129 0 0
ciMethod java/util/concurrent/locks/AbstractQueuedSynchronizer$ConditionObject unlinkCancelledWaiters ()V 1 1 2 0 0
ciMethod java/util/concurrent/locks/AbstractQueuedSynchronizer$ConditionObject signalAll ()V 1585 1 8463 0 0
ciMethod java/util/concurrent/locks/AbstractQueuedSynchronizer$ConditionObject checkInterruptWhileWaiting (Ljava/util/concurrent/locks/AbstractQueuedSynchronizer$Node;)I 2049 1 2273 0 0
ciMethod java/util/concurrent/locks/AbstractQueuedSynchronizer$ConditionObject reportInterruptAfterWait (I)V 0 0 1 0 -1
ciMethod java/util/concurrent/locks/AbstractQueuedSynchronizer$ConditionObject await ()V 777 777 2223 0 0
ciMethod sun/awt/AWTAutoShutdown getInstance ()Lsun/awt/AWTAutoShutdown; 2057 1 29574 0 0
ciMethod sun/awt/AWTAutoShutdown notifyThreadBusy (Ljava/lang/Thread;)V 481 1 3304 0 0
ciMethod sun/awt/AWTAutoShutdown notifyThreadFree (Ljava/lang/Thread;)V 769 1 2216 0 0
ciMethod sun/awt/AWTAutoShutdown isReadyToShutdown ()Z 2057 1 5381 0 128
ciMethod sun/awt/AWTAutoShutdown activateBlockerThread ()V 9 1 1 0 -1
ciMethod java/util/IdentityHashMap isEmpty ()Z 2081 1 5010 0 0
ciMethod sun/nio/ch/Interruptible interrupt (Ljava/lang/Thread;)V 0 0 1 0 -1
ciMethod sun/awt/AppContext get (Ljava/lang/Object;)Ljava/lang/Object; 3089 1 8281 0 2208
ciMethod java/awt/EventQueue postEvent (Ljava/awt/AWTEvent;)V 1329 1 4164 0 0
ciMethod java/awt/EventQueue postEventPrivate (Ljava/awt/AWTEvent;)V 1329 1 4164 0 0
ciMethod java/awt/EventQueue getPriority (Ljava/awt/AWTEvent;)I 2049 1 4164 0 0
ciMethod java/awt/EventQueue postEvent (Ljava/awt/AWTEvent;I)V 2049 1 4165 0 0
ciMethod java/awt/EventQueue coalescePaintEvent (Ljava/awt/event/PaintEvent;)Z 57 1 14 0 0
ciMethod java/awt/EventQueue mergePaintEvents (Ljava/awt/event/PaintEvent;Ljava/awt/event/PaintEvent;)Ljava/awt/event/PaintEvent; 97 1 12 0 -1
ciMethod java/awt/EventQueue coalesceMouseEvent (Ljava/awt/event/MouseEvent;)Z 1217 1 1991 0 0
ciMethod java/awt/EventQueue coalescePeerEvent (Lsun/awt/PeerEvent;)Z 0 0 1 0 -1
ciMethod java/awt/EventQueue coalesceOtherEvent (Ljava/awt/AWTEvent;I)Z 0 0 1 0 -1
ciMethod java/awt/EventQueue coalesceEvent (Ljava/awt/AWTEvent;I)Z 2049 1 4165 0 0
ciMethod java/awt/EventQueue cacheEQItem (Lsun/awt/EventQueueItem;)V 1553 1 3926 0 0
ciMethod java/awt/EventQueue uncacheEQItem (Lsun/awt/EventQueueItem;)V 1761 1 3813 0 0
ciMethod java/awt/EventQueue eventToCacheIndex (Ljava/awt/AWTEvent;)I 2073 1 7964 0 0
ciMethod java/awt/EventQueue noEvents ()Z 481 1897 3307 0 0
ciMethod java/awt/EventQueue getNextEvent ()Ljava/awt/AWTEvent; 2049 393 5376 0 -1
ciMethod java/awt/EventQueue getNextEventPrivate ()Ljava/awt/AWTEvent; 2049 4681 5382 0 544
ciMethod java/awt/EventQueue initDispatchThread ()V 9 1 1 0 -1
ciMethod sun/awt/MostRecentKeyValue <init> (Ljava/lang/Object;Ljava/lang/Object;)V 17 1 2 0 -1
ciMethod sun/awt/MostRecentKeyValue setPair (Ljava/lang/Object;Ljava/lang/Object;)V 793 1 1131 0 -1
ciMethod sun/awt/PostEventQueue flush ()V 2081 417 9862 0 0
ciMethodData java/util/HashSet add (Ljava/lang/Object;)Z 2 5591 orig 264 88 131 184 95 0 0 0 0 168 139 30 23 0 0 0 0 184 1 0 0 0 0 0 0 0 0 0 0 0 0 0 0 0 0 0 0 0 0 0 0 0 0 0 0 0 0 0 0 0 0 0 0 0 0 0 0 0 0 0 0 0 0 0 0 0 0 0 0 0 0 0 0 0 0 0 0 0 0 0 0 77 68 79 32 101 120 116 114 97 32 100 97 116 97 32 108 111 99 107 0 0 0 0 0 0 0 0 0 0 0 0 0 0 0 0 0 0 0 0 0 0 0 0 0 0 0 0 0 0 0 0 0 0 0 0 0 0 0 0 0 0 0 0 0 0 0 0 0 0 0 0 0 0 0 0 0 0 0 0 0 0 0 0 0 0 0 0 0 0 0 0 0 0 0 0 0 0 0 0 0 0 0 0 0 0 0 0 0 0 0 0 0 0 0 0 0 0 0 0 0 0 0 0 0 0 0 0 0 0 0 0 0 0 0 0 0 211 1 0 0 9 160 0 0 1 0 0 0 0 0 0 0 0 0 0 0 2 0 0 0 0 0 6 0 2 0 0 0 104 0 0 0 255 255 255 255 5 0 8 0 0 0 0 0 data 13 0x80005 0x0 0x1936c950 0x1401 0x0 0x0 0xb0007 0x548 0x38 0xeb9 0xf0003 0xeb9 0x18 oops 1 2 java/util/HashMap
ciMethod sun/awt/PeerEvent getFlags ()J 25 1 3 0 0
ciMethod sun/awt/EventQueueItem <init> (Ljava/awt/AWTEvent;)V 2049 1 9085 0 0
ciMethod java/util/concurrent/locks/LockSupport setBlocker (Ljava/lang/Thread;Ljava/lang/Object;)V 3105 1 4830 0 0
ciMethod java/util/concurrent/locks/LockSupport unpark (Ljava/lang/Thread;)V 2049 1 2409 0 -1
ciMethod java/util/concurrent/locks/LockSupport park (Ljava/lang/Object;)V 2049 1 2366 0 0
ciMethodData java/util/concurrent/locks/AbstractOwnableSynchronizer setExclusiveOwnerThread (Ljava/lang/Thread;)V 2 14277 orig 264 88 131 184 95 0 0 0 0 232 223 74 23 0 0 0 0 40 1 0 0 0 0 0 0 0 0 0 0 0 0 0 0 0 0 0 0 0 0 0 0 0 0 0 0 0 0 0 0 0 0 0 0 0 0 0 0 0 0 0 0 0 0 0 0 0 0 0 0 0 0 0 0 0 0 0 0 0 0 0 0 77 68 79 32 101 120 116 114 97 32 100 97 116 97 32 108 111 99 107 0 0 0 0 0 0 0 0 0 0 0 0 0 0 0 0 0 0 0 0 0 0 0 0 0 0 0 0 0 0 0 0 0 0 0 0 0 0 0 0 0 0 0 0 0 0 0 0 0 0 0 0 0 0 0 0 0 0 0 0 0 0 0 0 0 0 0 0 0 0 0 0 0 0 0 0 0 0 0 0 0 0 0 0 0 1 0 0 0 0 0 0 0 0 0 0 0 0 0 0 0 1 0 0 0 0 0 0 0 0 0 0 0 0 0 0 0 7 1 0 0 241 181 1 0 1 0 0 0 0 0 0 0 0 0 0 0 2 0 0 0 0 0 3 0 1 0 0 0 0 0 0 0 255 255 255 255 0 0 0 0 0 0 0 0 data 0 oops 0
ciMethodData java/util/concurrent/locks/AbstractQueuedSynchronizer setState (I)V 2 6552 orig 264 88 131 184 95 0 0 0 0 0 177 74 23 0 0 0 0 40 1 0 0 0 0 0 0 0 0 0 0 0 0 0 0 0 0 0 0 0 0 0 0 0 0 0 0 0 0 0 0 0 0 0 0 0 0 0 0 0 0 0 0 0 0 0 0 0 0 0 0 0 0 0 0 0 0 0 0 0 0 0 0 77 68 79 32 101 120 116 114 97 32 100 97 116 97 32 108 111 99 107 0 0 0 0 0 0 0 0 0 0 0 0 0 0 0 0 0 0 0 0 0 0 0 0 0 0 0 0 0 0 0 0 0 0 0 0 0 0 0 0 0 0 0 0 0 0 0 0 0 0 0 0 0 0 0 0 0 0 0 0 0 0 0 0 0 0 0 0 0 0 0 0 0 0 0 0 0 0 0 0 0 0 0 0 0 1 0 0 0 0 0 0 0 0 0 0 0 0 0 0 0 1 0 0 0 0 0 0 0 0 0 0 0 0 0 0 0 0 2 0 0 193 188 0 0 1 0 0 0 0 0 0 0 0 0 0 0 2 0 0 0 0 0 3 0 1 0 0 0 0 0 0 0 255 255 255 255 0 0 0 0 0 0 0 0 data 0 oops 0
ciMethodData java/util/concurrent/locks/AbstractQueuedSynchronizer compareAndSetState (II)Z 2 10279 orig 264 88 131 184 95 0 0 0 0 160 177 74 23 0 0 0 0 136 1 0 0 0 0 0 0 0 0 0 0 0 0 0 0 0 0 0 0 0 0 0 0 0 0 0 0 0 0 0 0 0 0 0 0 0 0 0 0 0 0 0 0 0 0 0 0 0 0 0 0 0 0 0 0 0 0 0 0 0 0 0 0 77 68 79 32 101 120 116 114 97 32 100 97 116 97 32 108 111 99 107 0 0 0 0 0 0 0 0 0 0 0 0 0 0 0 0 0 0 0 0 0 0 0 0 0 0 0 0 0 0 0 0 0 0 0 0 0 0 0 0 0 0 0 0 0 0 0 0 0 0 0 0 0 0 0 0 0 0 0 0 0 0 0 0 0 0 0 0 0 0 0 0 0 0 0 0 0 0 0 0 0 0 0 0 0 17 0 0 0 0 0 0 0 0 0 0 0 0 0 0 0 0 0 0 0 0 0 0 0 0 0 0 0 0 0 0 0 0 2 0 0 57 49 1 0 1 0 0 0 0 0 0 0 0 0 0 0 2 0 0 0 0 0 3 0 1 0 0 0 48 0 0 0 255 255 255 255 5 0 9 0 0 0 0 0 data 6 0x90005 0xf 0x0 0x0 0x0 0x0 oops 0
ciMethodData java/util/concurrent/locks/ReentrantLock lock ()V 2 14846 orig 264 88 131 184 95 0 0 0 0 128 129 28 23 0 0 0 0 120 1 0 0 0 0 0 0 0 0 0 0 0 0 0 0 0 0 0 0 0 0 0 0 0 0 0 0 0 0 0 0 0 0 0 0 0 0 0 0 0 0 0 0 0 0 0 0 0 0 0 0 0 0 0 0 0 0 0 0 0 0 0 0 77 68 79 32 101 120 116 114 97 32 100 97 116 97 32 108 111 99 107 0 0 0 0 0 0 0 0 0 0 0 0 0 0 0 0 0 0 0 0 0 0 0 0 0 0 0 0 0 0 0 0 0 0 0 0 0 0 0 0 0 0 0 0 0 0 0 0 0 0 0 0 0 0 0 0 0 0 0 0 0 0 0 0 0 0 0 0 0 0 0 0 0 0 0 0 0 0 0 0 0 0 0 0 0 0 0 0 0 0 0 0 0 0 0 0 0 0 0 0 0 0 0 0 0 0 0 0 0 0 0 0 0 0 0 0 0 0 2 0 0 241 191 1 0 1 0 0 0 0 0 0 0 0 0 0 0 2 0 0 0 0 0 3 0 2 0 0 0 48 0 0 0 255 255 255 255 5 0 4 0 0 0 0 0 data 6 0x40005 0x0 0x193db860 0x37fe 0x0 0x0 oops 1 2 java/util/concurrent/locks/ReentrantLock$NonfairSync
ciMethodData java/util/concurrent/locks/ReentrantLock$NonfairSync lock ()V 2 6728 orig 264 88 131 184 95 0 0 0 0 248 147 74 23 0 0 0 0 32 2 0 0 144 0 0 0 0 0 0 0 0 0 0 0 0 0 0 0 0 0 0 0 0 0 0 0 0 0 0 0 0 0 0 0 0 0 0 0 0 0 0 0 0 0 0 0 0 0 0 0 0 0 0 0 0 0 0 0 0 0 0 0 77 68 79 32 101 120 116 114 97 32 100 97 116 97 32 108 111 99 107 0 0 0 0 0 0 0 0 0 0 0 0 0 0 0 0 0 0 0 0 0 0 0 0 0 0 0 0 0 0 0 0 0 0 0 0 0 0 0 0 0 0 0 0 0 0 0 0 0 0 0 0 0 0 0 0 0 0 0 0 0 0 0 0 0 0 0 0 0 0 0 0 0 0 0 0 0 0 0 0 0 0 0 0 0 0 0 0 0 0 0 0 0 0 0 0 0 0 0 0 0 0 0 0 0 0 0 0 0 0 0 0 0 0 0 0 0 0 2 0 0 65 194 0 0 1 0 0 0 0 0 0 0 0 0 0 0 2 0 0 0 0 0 11 0 2 0 0 0 216 0 0 0 255 255 255 255 5 0 3 0 0 0 0 0 data 27 0x30005 0x21 0x193db860 0x1827 0x0 0x0 0x60007 0xf1 0x78 0x1757 0xa0002 0x1757 0xd0005 0x21 0x193db860 0x1736 0x0 0x0 0x100003 0x1757 0x48 0x150005 0x0 0x193db860 0xf1 0x0 0x0 oops 3 2 java/util/concurrent/locks/ReentrantLock$NonfairSync 14 java/util/concurrent/locks/ReentrantLock$NonfairSync 23 java/util/concurrent/locks/ReentrantLock$NonfairSync
ciMethodData java/util/concurrent/locks/AbstractQueuedSynchronizer release (I)Z 2 8440 orig 264 88 131 184 95 0 0 0 0 16 199 74 23 0 0 0 0 240 1 0 0 0 0 0 0 0 0 0 0 0 0 0 0 0 0 0 0 0 0 0 0 0 0 0 0 0 0 0 0 0 0 0 0 0 0 0 0 0 0 0 0 0 0 0 0 0 0 0 0 0 0 0 0 0 0 0 0 0 0 0 0 77 68 79 32 101 120 116 114 97 32 100 97 116 97 32 108 111 99 107 0 0 0 0 0 0 0 0 0 0 0 0 0 0 0 0 0 0 0 0 0 0 0 0 0 0 0 0 0 0 0 0 0 0 0 0 0 0 0 0 0 0 0 0 0 0 0 0 0 0 0 0 0 0 0 0 0 0 0 0 0 0 0 0 0 0 0 0 0 0 0 0 0 0 0 0 0 0 0 0 0 0 0 0 0 0 0 0 0 0 0 0 0 0 0 0 0 0 0 0 0 0 0 0 0 0 0 0 0 0 0 0 0 0 0 0 0 0 2 0 0 193 247 0 0 1 0 0 0 0 0 0 0 0 0 0 0 2 0 0 0 0 0 10 0 2 0 0 0 160 0 0 0 255 255 255 255 5 0 2 0 0 0 0 0 data 20 0x20005 0x6f 0x193db860 0x1e88 0x19351f90 0x1 0x50007 0xd3 0x70 0x1e25 0xe0007 0xb09 0x50 0x131c 0x150007 0x12c6 0x30 0x56 0x1a0002 0x56 oops 2 2 java/util/concurrent/locks/ReentrantLock$NonfairSync 4 java/util/concurrent/ThreadPoolExecutor$Worker
ciMethodData java/util/concurrent/locks/ReentrantLock$Sync tryRelease (I)Z 2 5639 orig 264 88 131 184 95 0 0 0 0 96 155 74 23 0 0 0 0 112 2 0 0 192 0 0 0 0 0 0 0 0 0 0 0 0 0 0 0 0 0 0 0 0 0 0 0 0 0 0 0 0 0 0 0 0 0 0 0 0 0 0 0 0 0 0 0 0 0 0 0 0 0 0 0 0 0 0 0 0 0 0 0 77 68 79 32 101 120 116 114 97 32 100 97 116 97 32 108 111 99 107 0 0 0 0 0 0 0 0 0 0 0 0 0 0 0 0 0 0 0 0 0 0 0 0 0 0 0 0 0 0 0 0 0 0 0 0 0 0 0 0 0 0 0 0 0 0 0 0 0 0 0 0 0 0 0 0 0 0 0 0 0 0 0 0 0 0 0 0 0 0 0 0 0 0 0 0 0 0 0 0 0 0 0 0 0 0 0 0 0 0 0 0 0 0 0 0 0 0 0 0 0 0 0 0 0 0 0 0 0 0 0 0 0 0 0 0 0 0 2 0 0 57 160 0 0 1 0 0 0 0 0 0 0 0 0 0 0 2 0 0 0 0 0 8 0 2 0 0 0 32 1 0 0 255 255 255 255 5 0 1 0 0 0 0 0 data 36 0x10005 0xc8 0x193db860 0x133f 0x0 0x0 0x70002 0x1407 0xb0005 0xc8 0x193db860 0x133f 0x0 0x0 0xe0007 0x1407 0x30 0x0 0x150002 0x0 0x1c0007 0xc6 0x50 0x1341 0x230005 0xc8 0x193db860 0x1279 0x0 0x0 0x280005 0xc8 0x193db860 0x133f 0x0 0x0 oops 4 2 java/util/concurrent/locks/ReentrantLock$NonfairSync 10 java/util/concurrent/locks/ReentrantLock$NonfairSync 26 java/util/concurrent/locks/ReentrantLock$NonfairSync 32 java/util/concurrent/locks/ReentrantLock$NonfairSync
ciMethodData java/util/concurrent/locks/ReentrantLock unlock ()V 2 14885 orig 264 88 131 184 95 0 0 0 0 240 131 28 23 0 0 0 0 120 1 0 0 0 0 0 0 0 0 0 0 0 0 0 0 0 0 0 0 0 0 0 0 0 0 0 0 0 0 0 0 0 0 0 0 0 0 0 0 0 0 0 0 0 0 0 0 0 0 0 0 0 0 0 0 0 0 0 0 0 0 0 0 77 68 79 32 101 120 116 114 97 32 100 97 116 97 32 108 111 99 107 0 0 0 0 0 0 0 0 0 0 0 0 0 0 0 0 0 0 0 0 0 0 0 0 0 0 0 0 0 0 0 0 0 0 0 0 0 0 0 0 0 0 0 0 0 0 0 0 0 0 0 0 0 0 0 0 0 0 0 0 0 0 0 0 0 0 0 0 0 0 0 0 0 0 0 0 0 0 0 0 0 0 0 0 0 0 0 0 0 0 0 0 0 0 0 0 0 0 0 0 0 0 0 0 0 0 0 0 0 0 0 0 0 0 0 0 0 0 2 0 0 41 193 1 0 1 0 0 0 0 0 0 0 0 0 0 0 2 0 0 0 0 0 11 0 2 0 0 0 48 0 0 0 255 255 255 255 5 0 5 0 0 0 0 0 data 6 0x50005 0xd9 0x193db860 0x374c 0x0 0x0 oops 1 2 java/util/concurrent/locks/ReentrantLock$NonfairSync
ciMethodData java/util/concurrent/locks/AbstractQueuedSynchronizer acquire (I)V 1 543 orig 264 88 131 184 95 0 0 0 0 224 196 74 23 0 0 0 0 16 2 0 0 0 0 0 0 0 0 0 0 0 0 0 0 0 0 0 0 0 0 0 0 0 0 0 0 0 0 0 0 0 0 0 0 0 0 0 0 0 0 0 0 0 0 0 0 0 0 0 0 0 0 0 0 0 0 0 0 0 0 0 0 77 68 79 32 101 120 116 114 97 32 100 97 116 97 32 108 111 99 107 0 0 0 0 0 0 0 0 0 0 0 0 0 0 0 0 0 0 0 0 0 0 0 0 0 0 0 0 0 0 0 0 0 0 0 0 0 0 0 0 0 0 0 0 0 0 0 0 0 0 0 0 0 0 0 0 0 0 0 0 0 0 0 0 0 0 0 0 0 0 0 0 0 0 0 0 0 0 0 0 0 0 0 0 0 0 0 0 0 0 0 0 0 0 0 0 0 0 0 0 0 0 0 0 0 0 0 0 0 0 0 0 0 0 0 0 0 1 0 0 0 241 16 0 0 1 0 0 0 0 0 0 0 0 0 0 0 2 0 0 0 0 0 8 0 2 0 0 0 192 0 0 0 255 255 255 255 5 0 2 0 0 0 0 0 data 24 0x20005 0x0 0x193db860 0xf2 0x193e0ef0 0x12c 0x50007 0x20e 0x90 0x10 0xd0002 0x10 0x110005 0x0 0x193db860 0x10 0x0 0x0 0x140007 0x10 0x30 0x0 0x170002 0x0 oops 3 2 java/util/concurrent/locks/ReentrantLock$NonfairSync 4 java/util/concurrent/locks/ReentrantReadWriteLock$NonfairSync 14 java/util/concurrent/locks/ReentrantLock$NonfairSync
ciMethodData java/util/concurrent/locks/ReentrantLock$NonfairSync tryAcquire (I)Z 2 2951 orig 264 88 131 184 95 0 0 0 0 144 148 74 23 0 0 0 0 128 1 0 0 0 0 0 0 0 0 0 0 0 0 0 0 0 0 0 0 0 0 0 0 0 0 0 0 0 0 0 0 0 0 0 0 0 0 0 0 0 0 0 0 0 0 0 0 0 0 0 0 0 0 0 0 0 0 0 0 0 0 0 0 77 68 79 32 101 120 116 114 97 32 100 97 116 97 32 108 111 99 107 0 0 0 0 0 0 0 0 0 0 0 0 0 0 0 0 0 0 0 0 0 0 0 0 0 0 0 0 0 0 0 0 0 0 0 0 0 0 0 0 0 0 0 0 0 0 0 0 0 0 0 0 0 0 0 0 0 0 0 0 0 0 0 0 0 0 0 0 0 0 0 0 0 0 0 0 0 0 0 0 0 0 0 0 0 0 0 0 0 0 0 0 0 0 0 0 0 0 0 0 0 0 0 0 0 0 0 0 0 0 0 0 0 0 0 0 0 2 0 0 0 41 92 0 0 1 0 0 0 0 0 0 0 0 0 0 0 2 0 0 0 0 0 3 0 2 0 0 0 48 0 0 0 255 255 255 255 5 0 2 0 0 0 0 0 data 6 0x20005 0xb1 0x193db860 0xad4 0x0 0x0 oops 1 2 java/util/concurrent/locks/ReentrantLock$NonfairSync
ciMethodData java/util/concurrent/locks/ReentrantLock$Sync nonfairTryAcquire (I)Z 2 3468 orig 264 88 131 184 95 0 0 0 0 152 154 74 23 0 0 0 0 224 2 0 0 80 1 0 0 0 0 0 0 0 0 0 0 0 0 0 0 0 0 0 0 0 0 0 0 0 0 0 0 0 0 0 0 0 0 0 0 0 0 0 0 0 0 0 0 0 0 0 0 0 0 0 0 0 0 0 0 0 0 0 0 77 68 79 32 101 120 116 114 97 32 100 97 116 97 32 108 111 99 107 0 0 0 0 0 0 0 0 0 0 0 0 0 0 0 0 0 0 0 0 0 0 0 0 0 0 0 0 0 0 0 0 0 0 0 0 0 0 0 0 0 0 0 0 0 0 0 0 0 0 0 0 0 0 0 0 0 0 0 0 0 0 0 0 0 0 0 0 0 0 0 0 0 0 0 0 0 0 0 0 0 0 0 0 0 0 0 0 0 0 0 0 0 0 0 0 0 0 0 0 0 0 0 0 0 0 0 0 0 0 0 0 0 0 0 0 0 2 0 0 0 81 108 0 0 1 0 0 0 0 0 0 0 0 0 0 0 2 0 0 0 0 0 12 0 2 0 0 0 144 1 0 0 255 255 255 255 2 0 0 0 0 0 0 0 data 50 0x2 0xd8a 0x50005 0x104 0x193db860 0xc86 0x0 0x0 0xa0007 0x412 0xa0 0x978 0x100005 0x38 0x193db860 0x940 0x0 0x0 0x130007 0x0 0x100 0x978 0x180005 0x38 0x193db860 0x940 0x0 0x0 0x1f0005 0xcc 0x193db860 0x346 0x0 0x0 0x220007 0x1b3 0x80 0x25f 0x2c0007 0x25f 0x30 0x0 0x350002 0x0 0x3c0005 0xc3 0x193db860 0x19c 0x0 0x0 oops 5 4 java/util/concurrent/locks/ReentrantLock$NonfairSync 14 java/util/concurrent/locks/ReentrantLock$NonfairSync 24 java/util/concurrent/locks/ReentrantLock$NonfairSync 30 java/util/concurrent/locks/ReentrantLock$NonfairSync 46 java/util/concurrent/locks/ReentrantLock$NonfairSync
ciMethodData java/util/concurrent/locks/AbstractQueuedSynchronizer acquireQueued (Ljava/util/concurrent/locks/AbstractQueuedSynchronizer$Node;I)Z 2 2422 orig 264 88 131 184 95 0 0 0 0 224 186 74 23 0 0 0 0 224 2 0 0 64 1 0 0 0 0 0 0 0 0 0 0 0 0 0 0 0 0 0 0 0 0 0 0 0 0 0 0 0 0 0 0 0 0 0 0 0 0 0 0 0 0 0 0 0 0 0 0 0 0 0 0 0 0 0 0 0 0 0 0 77 68 79 32 101 120 116 114 97 32 100 97 116 97 32 108 111 99 107 0 0 0 0 0 0 0 0 0 0 0 0 0 0 0 0 0 0 0 0 0 0 0 0 0 0 0 0 0 0 0 0 0 0 0 0 0 0 0 0 0 0 0 0 0 0 0 0 0 0 0 0 0 0 0 0 0 0 0 0 0 0 0 0 0 0 0 0 0 0 0 0 0 0 0 0 0 0 0 0 0 0 0 0 0 17 0 0 0 0 0 0 0 0 0 0 0 0 0 0 0 0 0 0 0 0 0 0 0 0 0 0 0 0 0 0 0 0 0 0 0 177 75 0 0 233 8 0 0 0 0 0 0 0 0 0 0 2 0 0 0 1 0 24 0 2 0 0 0 136 1 0 0 255 255 255 255 5 0 6 0 0 0 0 0 data 49 0x60005 0x199 0x193e04d0 0x8fb 0x0 0x0 0x110007 0x0 0xb0 0xa94 0x160005 0x0 0x193db860 0xa94 0x0 0x0 0x190007 0x11e 0x60 0x976 0x1e0002 0x976 0x2e0007 0x976 0x30 0x0 0x330002 0x0 0x3c0002 0x11e 0x3f0007 0x8f 0x50 0x8f 0x430002 0x8f 0x460007 0x8f 0x20 0x0 0x4c0003 0x11e 0xfffffffffffffec0 0x520007 0x0 0x30 0x0 0x570002 0x0 oops 2 2 java/util/concurrent/locks/AbstractQueuedSynchronizer$Node 12 java/util/concurrent/locks/ReentrantLock$NonfairSync
ciMethodData java/lang/Thread interrupted ()Z 2 5044 orig 264 88 131 184 95 0 0 0 0 208 229 4 23 0 0 0 0 96 1 0 0 0 0 0 0 0 0 0 0 0 0 0 0 0 0 0 0 0 0 0 0 0 0 0 0 0 0 0 0 0 0 0 0 0 0 0 0 0 0 0 0 0 0 0 0 0 0 0 0 0 0 0 0 0 0 0 0 0 0 0 0 77 68 79 32 101 120 116 114 97 32 100 97 116 97 32 108 111 99 107 0 0 0 0 0 0 0 0 0 0 0 0 0 0 0 0 0 0 0 0 0 0 0 0 0 0 0 0 0 0 0 0 0 0 0 0 0 0 0 0 0 0 0 0 0 0 0 0 0 0 0 0 0 0 0 0 0 0 0 0 0 0 0 0 0 0 0 0 0 0 0 0 0 0 0 0 0 0 0 0 0 0 0 0 0 0 0 0 0 0 0 0 0 0 0 0 0 0 0 0 0 0 0 0 0 0 0 0 0 0 0 0 0 0 0 0 0 42 0 0 0 81 156 0 0 1 0 0 0 0 0 0 0 0 0 0 0 2 0 0 0 0 0 3 0 2 0 0 0 32 0 0 0 255 255 255 255 2 0 0 0 0 0 0 0 data 4 0x2 0x138a 0x40002 0x138a oops 0
ciMethodData java/util/HashMap remove (Ljava/lang/Object;)Ljava/lang/Object; 2 3078 orig 264 88 131 184 95 0 0 0 0 192 153 16 23 0 0 0 0 200 1 0 0 0 0 0 0 0 0 0 0 0 0 0 0 0 0 0 0 0 0 0 0 0 0 0 0 0 0 0 0 0 0 0 0 0 0 0 0 0 0 0 0 0 0 0 0 0 0 0 0 0 0 0 0 0 0 0 0 0 0 0 0 77 68 79 32 101 120 116 114 97 32 100 97 116 97 32 108 111 99 107 0 0 0 0 0 0 0 0 0 0 0 0 0 0 0 0 0 0 0 0 0 0 0 0 0 0 0 0 0 0 0 0 0 0 0 0 0 0 0 0 0 0 0 0 0 0 0 0 0 0 0 0 0 0 0 0 0 0 0 0 0 0 0 0 0 0 0 0 0 0 0 0 0 0 0 0 0 0 0 0 0 0 0 0 0 0 0 0 0 0 0 0 0 0 0 0 0 0 0 0 0 0 0 0 0 0 0 0 0 0 0 0 0 0 0 0 0 0 1 0 0 49 88 0 0 1 0 0 0 0 0 0 0 0 0 0 0 2 0 0 0 0 0 10 0 2 0 0 0 120 0 0 0 255 255 255 255 2 0 2 0 0 0 0 0 data 15 0x20002 0xb06 0x90005 0x0 0x1936c950 0x9f5 0x289ae890 0x111 0xe0007 0x9df 0x38 0x127 0x120003 0x127 0x18 oops 2 4 java/util/HashMap 6 java/util/LinkedHashMap
ciMethodData java/util/HashMap removeNode (ILjava/lang/Object;Ljava/lang/Object;ZZ)Ljava/util/HashMap$Node; 2 3078 orig 264 88 131 184 95 0 0 0 0 144 155 16 23 0 0 0 0 152 6 0 0 224 4 0 0 0 0 0 0 0 0 0 0 0 0 0 0 0 0 0 0 0 0 0 0 0 0 0 0 0 0 0 0 0 0 0 0 0 0 0 0 0 0 0 0 0 0 0 0 0 0 0 0 0 0 0 0 0 0 0 0 77 68 79 32 101 120 116 114 97 32 100 97 116 97 32 108 111 99 107 0 0 0 0 0 0 0 0 0 0 0 0 0 0 0 0 0 0 0 0 0 0 0 0 0 0 0 0 0 0 0 0 0 0 0 0 0 0 0 0 0 0 0 0 0 0 0 0 0 0 0 0 0 0 0 0 0 0 0 0 0 0 0 0 0 0 0 0 0 0 0 0 0 0 0 0 0 0 0 0 0 0 0 0 0 0 0 0 0 0 0 0 0 0 0 0 0 0 0 0 0 0 0 0 0 0 0 0 0 0 0 0 0 0 0 0 0 0 1 0 0 49 88 0 0 1 0 0 0 0 0 0 0 0 0 0 0 2 0 0 0 2 0 62 0 2 0 0 0 40 5 0 0 255 255 255 255 7 0 7 0 0 0 0 0 data 165 0x70007 0x1 0x528 0xb05 0x100007 0x0 0x508 0xb05 0x220007 0x126 0x4e8 0x9df 0x2e0007 0x7b 0xc8 0x964 0x3a0007 0x8ce 0x90 0x96 0x3e0007 0x0 0x88 0x96 0x440005 0x0 0x1912dd20 0x96 0x0 0x0 0x470007 0x0 0x38 0x96 0x4e0003 0x964 0x1e8 0x590007 0x0 0x1d0 0x7b 0x5e0004 0xffffffffffffff85 0x0 0x0 0x0 0x0 0x610007 0x7b 0x98 0x0 0x660004 0x0 0x0 0x0 0x0 0x0 0x6b0005 0x0 0x0 0x0 0x0 0x0 0x700003 0x0 0x100 0x790007 0x0 0xc8 0x7b 0x850007 0x0 0x90 0x7b 0x890007 0x0 0x88 0x7b 0x8f0005 0x0 0x1912dd20 0x7b 0x0 0x0 0x920007 0x0 0x38 0x7b 0x990003 0x7b 0x38 0xa80007 0x0 0xffffffffffffff38 0x0 0xad0007 0x0 0x230 0x9df 0xb20007 0x9df 0xb0 0x0 0xbe0007 0x0 0x90 0x0 0xc20007 0x0 0x1d0 0x0 0xc80005 0x0 0x0 0x0 0x0 0x0 0xcb0007 0x0 0x180 0x0 0xd00004 0xfffffffffffff621 0x0 0x0 0x0 0x0 0xd30007 0x9df 0x98 0x0 0xd80004 0x0 0x0 0x0 0x0 0x0 0xe00005 0x0 0x0 0x0 0x0 0x0 0xe30003 0x0 0x80 0xea0007 0x7b 0x68 0x964 0xf60104 0x0 0x289cd4a0 0x8 0x0 0x0 0xf70003 0x964 0x18 0x11b0005 0x0 0x289ae890 0x111 0x1936c950 0x8ce oops 5 26 java/lang/Integer 80 java/lang/Integer 152 java/util/LinkedHashMap$Entry 161 java/util/LinkedHashMap 163 java/util/HashMap
ciMethodData sun/awt/AWTAutoShutdown getInstance ()Lsun/awt/AWTAutoShutdown; 2 29578 orig 264 88 131 184 95 0 0 0 0 208 78 81 23 0 0 0 0 24 1 0 0 0 0 0 0 0 0 0 0 0 0 0 0 0 0 0 0 0 0 0 0 0 0 0 0 0 0 0 0 0 0 0 0 0 0 0 0 0 0 0 0 0 0 0 0 0 0 0 0 0 0 0 0 0 0 0 0 0 0 0 0 77 68 79 32 101 120 116 114 97 32 100 97 116 97 32 108 111 99 107 0 0 0 0 0 0 0 0 0 0 0 0 0 0 0 0 0 0 0 0 0 0 0 0 0 0 0 0 0 0 0 0 0 0 0 0 0 0 0 0 0 0 0 0 0 0 0 0 0 0 0 0 0 0 0 0 0 0 0 0 0 0 0 0 0 0 0 0 0 0 0 0 0 0 0 0 0 0 0 0 0 0 0 0 0 0 0 0 0 0 0 0 0 0 0 0 0 0 0 0 0 0 0 0 0 0 0 0 0 0 0 0 0 0 0 0 0 1 1 0 0 73 148 3 0 1 0 0 0 0 0 0 0 0 0 0 0 2 0 0 0 0 0 3 0 1 0 0 0 0 0 0 0 255 255 255 255 0 0 0 0 0 0 0 0 data 0 oops 0
ciMethodData sun/awt/AWTAutoShutdown isReadyToShutdown ()Z 2 5381 orig 264 88 131 184 95 0 0 0 0 224 83 81 23 0 0 0 0 32 2 0 0 0 0 0 0 0 0 0 0 0 0 0 0 0 0 0 0 0 0 0 0 0 0 0 0 0 0 0 0 0 0 0 0 0 0 0 0 0 0 0 0 0 0 0 0 0 0 0 0 0 0 0 0 0 0 0 0 0 0 0 0 77 68 79 32 101 120 116 114 97 32 100 97 116 97 32 108 111 99 107 0 0 0 0 0 0 0 0 0 0 0 0 0 0 0 0 0 0 0 0 0 0 0 0 0 0 0 0 0 0 0 0 0 0 0 0 0 0 0 0 0 0 0 0 0 0 0 0 0 0 0 0 0 0 0 0 0 0 0 0 0 0 0 0 0 0 0 0 0 0 0 0 0 0 0 0 0 0 0 0 0 0 0 0 0 0 0 0 0 0 0 0 0 0 0 0 0 0 0 0 0 0 0 0 0 0 0 0 0 0 0 0 0 0 0 0 0 1 1 0 0 33 160 0 0 1 0 0 0 0 0 0 0 0 0 0 0 2 0 0 0 0 0 11 0 2 0 0 0 216 0 0 0 255 255 255 255 7 0 4 0 0 0 0 0 data 27 0x40007 0x1df 0xd8 0x1225 0xb0005 0x0 0x1936a1c0 0x1225 0x0 0x0 0x100007 0x1225 0x88 0x0 0x170005 0x0 0x0 0x0 0x0 0x0 0x1c0007 0x0 0x38 0x0 0x200003 0x0 0x18 oops 1 6 java/util/IdentityHashMap
ciMethodData java/util/IdentityHashMap isEmpty ()Z 2 5010 orig 264 88 131 184 95 0 0 0 0 112 138 81 23 0 0 0 0 88 1 0 0 0 0 0 0 0 0 0 0 0 0 0 0 0 0 0 0 0 0 0 0 0 0 0 0 0 0 0 0 0 0 0 0 0 0 0 0 0 0 0 0 0 0 0 0 0 0 0 0 0 0 0 0 0 0 0 0 0 0 0 0 77 68 79 32 101 120 116 114 97 32 100 97 116 97 32 108 111 99 107 0 0 0 0 0 0 0 0 0 0 0 0 0 0 0 0 0 0 0 0 0 0 0 0 0 0 0 0 0 0 0 0 0 0 0 0 0 0 0 0 0 0 0 0 0 0 0 0 0 0 0 0 0 0 0 0 0 0 0 0 0 0 0 0 0 0 0 0 0 0 0 0 0 0 0 0 0 0 0 0 0 0 0 0 0 0 0 0 0 0 0 0 0 0 0 0 0 0 0 0 0 0 0 0 0 0 0 0 0 0 0 0 0 0 0 0 0 4 1 0 0 113 148 0 0 1 0 0 0 0 0 0 0 0 0 0 0 2 0 0 0 0 0 6 0 2 0 0 0 56 0 0 0 255 255 255 255 7 0 4 0 0 0 0 0 data 7 0x40007 0x128e 0x38 0x0 0x80003 0x0 0x18 oops 0
ciMethodData sun/awt/PostEventQueue flush ()V 2 9863 orig 264 88 131 184 95 0 0 0 0 232 11 85 23 0 0 0 0 112 3 0 0 240 0 0 0 0 0 0 0 0 0 0 0 0 0 0 0 0 0 0 0 0 0 0 0 0 0 0 0 0 0 0 0 0 0 0 0 0 0 0 0 0 0 0 0 0 0 0 0 0 0 0 0 0 0 0 0 0 0 0 0 77 68 79 32 101 120 116 114 97 32 100 97 116 97 32 108 111 99 107 0 0 0 0 0 0 0 0 0 0 0 0 0 0 0 0 0 0 0 0 0 0 0 0 0 0 0 0 0 0 0 0 0 0 0 0 0 0 0 0 0 0 0 0 0 1 0 0 0 0 0 0 0 0 0 0 0 0 0 0 0 0 0 0 0 0 0 0 0 0 0 0 0 0 0 0 0 0 0 0 0 0 0 0 0 0 0 0 0 0 0 0 0 0 0 0 0 0 0 0 0 0 0 0 0 0 0 0 0 0 0 0 0 0 0 0 0 3 1 0 0 25 44 1 0 129 120 0 0 144 20 0 0 9 8 0 0 2 0 0 0 2 0 40 0 2 0 0 0 40 2 0 0 255 255 255 255 2 0 0 0 0 0 0 0 data 69 0x2 0x2583 0xd0007 0x1674 0x20 0xf0f 0x170007 0x1674 0x68 0x0 0x1b0005 0x0 0x0 0x0 0x0 0x0 0x1e0003 0x0 0xffffffffffffffb0 0x250007 0xd25 0x20 0x94f 0x410003 0xd25 0x18 0x4c0007 0xd26 0x68 0xf0f 0x570005 0x0 0x1b5e5280 0xf0f 0x0 0x0 0x5f0003 0xf10 0xffffffffffffffb0 0x6c0005 0x1f 0x1b5ebb00 0xd07 0x0 0x0 0x710003 0xd26 0x18 0x7b0003 0xd26 0x60 0x8b0005 0x0 0x0 0x0 0x0 0x0 0x910003 0x0 0x18 0x9f0003 0xd26 0x48 0xa40005 0x0 0x0 0x0 0x0 0x0 oops 2 32 java/awt/EventQueue 41 sun/awt/PostEventQueue
ciMethodData java/awt/EventQueue postEvent (Ljava/awt/AWTEvent;)V 2 4164 orig 264 88 131 184 95 0 0 0 0 24 166 84 23 0 0 0 0 112 1 0 0 0 0 0 0 0 0 0 0 0 0 0 0 0 0 0 0 0 0 0 0 0 0 0 0 0 0 0 0 0 0 0 0 0 0 0 0 0 0 0 0 0 0 0 0 0 0 0 0 0 0 0 0 0 0 0 0 0 0 0 0 77 68 79 32 101 120 116 114 97 32 100 97 116 97 32 108 111 99 107 0 0 0 0 0 0 0 0 0 0 0 0 0 0 0 0 0 0 0 0 0 0 0 0 0 0 0 0 0 0 0 0 0 0 0 0 0 0 0 0 0 0 0 0 0 0 0 0 0 0 0 0 0 0 0 0 0 0 0 0 0 0 0 0 0 0 0 0 0 0 0 0 0 0 0 0 0 0 0 0 0 0 0 0 0 0 0 0 0 0 0 0 0 0 0 0 0 0 0 0 0 0 0 0 0 0 0 0 0 0 0 0 0 0 0 0 0 166 0 0 0 241 124 0 0 1 0 0 0 120 8 0 0 0 0 0 0 2 0 0 0 0 0 7 0 2 0 0 0 32 0 0 0 255 255 255 255 2 0 4 0 0 0 0 0 data 4 0x40002 0xf9e 0x90002 0xf9e oops 0
ciMethodData sun/awt/SunToolkit flushPendingEvents (Lsun/awt/AppContext;)V 2 12158 orig 264 88 131 184 95 0 0 0 0 0 244 73 23 0 0 0 0 248 1 0 0 0 0 0 0 0 0 0 0 0 0 0 0 0 0 0 0 0 0 0 0 0 0 0 0 0 0 0 0 0 0 0 0 0 0 0 0 0 0 0 0 0 0 0 0 0 0 0 0 0 0 0 0 0 0 0 0 0 0 0 0 77 68 79 32 101 120 116 114 97 32 100 97 116 97 32 108 111 99 107 0 0 0 0 0 0 0 0 0 0 0 0 0 0 0 0 0 0 0 0 0 0 0 0 0 0 0 0 0 0 0 0 0 0 0 0 0 0 0 0 0 0 0 0 0 0 0 0 0 0 0 0 0 0 0 0 0 0 0 0 0 0 0 0 0 0 0 0 0 0 0 0 0 0 0 0 0 0 0 0 0 0 0 0 0 0 0 0 0 0 0 0 0 0 0 0 0 0 0 0 0 0 0 0 0 0 0 0 0 0 0 0 0 0 0 0 0 7 1 0 0 185 115 1 0 1 0 0 0 0 0 0 0 0 0 0 0 2 0 0 0 0 0 6 0 2 0 0 0 176 0 0 0 255 255 255 255 5 0 3 0 0 0 0 0 data 22 0x30005 0x2 0x1b5e7300 0x2e75 0x0 0x0 0x60004 0x0 0x1b5ebb00 0x2e77 0x0 0x0 0xb0007 0x0 0x50 0x2e77 0xf0005 0x0 0x1b5ebb00 0x2e77 0x0 0x0 oops 3 2 sun/awt/AppContext 8 sun/awt/PostEventQueue 18 sun/awt/PostEventQueue
ciMethodData java/awt/EventQueue postEventPrivate (Ljava/awt/AWTEvent;)V 2 4164 orig 264 88 131 184 95 0 0 0 0 72 167 84 23 0 0 0 0 88 3 0 0 112 1 0 0 0 0 0 0 0 0 0 0 0 0 0 0 0 0 0 0 0 0 0 0 0 0 0 0 0 0 0 0 0 0 0 0 0 0 0 0 0 0 0 0 0 0 0 0 0 0 0 0 0 0 0 0 0 0 0 0 77 68 79 32 101 120 116 114 97 32 100 97 116 97 32 108 111 99 107 0 0 0 0 0 0 0 0 0 0 0 0 0 0 0 0 0 0 0 0 0 0 0 0 0 0 0 0 0 0 0 0 0 0 0 0 0 0 0 0 0 0 0 0 0 0 0 0 0 0 0 0 0 0 0 0 0 0 0 0 0 0 0 0 0 0 0 0 0 0 0 0 0 0 0 0 0 0 0 0 0 0 0 0 0 0 0 0 0 0 0 0 0 0 0 0 0 0 0 0 0 0 0 0 0 0 0 0 0 0 0 0 0 0 0 0 0 166 0 0 0 241 124 0 0 1 0 0 0 119 8 0 0 0 0 0 0 2 0 0 0 0 0 15 0 2 0 0 0 8 2 0 0 255 255 255 255 5 0 9 0 0 0 0 0 data 65 0x90005 0x0 0x1b5e58e0 0xf9e 0x0 0x0 0x120007 0xf9e 0x60 0x0 0x1a0002 0x0 0x210005 0x0 0x0 0x0 0x0 0x0 0x2b0007 0xf9e 0xe0 0x0 0x2f0005 0x0 0x0 0x0 0x0 0x0 0x320002 0x0 0x350007 0x0 0x50 0x0 0x3c0005 0x0 0x0 0x0 0x0 0x0 0x430005 0x0 0x0 0x0 0x0 0x0 0x490002 0xf9e 0x4c0002 0xf9f 0x530005 0x0 0x1b5e58e0 0xf9f 0x0 0x0 0x580003 0xf9f 0x48 0x600005 0x0 0x0 0x0 0x0 0x0 oops 2 2 java/util/concurrent/locks/ReentrantLock 52 java/util/concurrent/locks/ReentrantLock
ciMethodData java/awt/EventQueue eventToCacheIndex (Ljava/awt/AWTEvent;)I 2 7964 orig 264 88 131 184 95 0 0 0 0 128 177 84 23 0 0 0 0 168 2 0 0 40 1 0 0 0 0 0 0 0 0 0 0 0 0 0 0 0 0 0 0 0 0 0 0 0 0 0 0 0 0 0 0 0 0 0 0 0 0 0 0 0 0 0 0 0 0 0 0 0 0 0 0 0 0 0 0 0 0 0 0 77 68 79 32 101 120 116 114 97 32 100 97 116 97 32 108 111 99 107 0 0 0 0 0 0 0 0 0 0 0 0 0 0 0 0 0 0 0 0 0 0 0 0 0 0 0 0 0 0 0 0 0 0 0 0 0 0 0 0 0 0 0 0 0 1 0 0 0 0 0 0 0 0 0 0 0 0 0 0 0 0 0 0 0 0 0 0 0 0 0 0 0 0 0 0 0 0 0 0 1 0 0 0 0 0 0 0 0 0 0 0 0 0 0 0 0 0 0 0 0 0 0 0 0 0 0 0 0 0 0 0 0 0 0 0 0 3 1 0 0 201 240 0 0 1 0 0 0 3 20 0 0 0 0 0 0 2 0 0 0 0 0 14 0 2 0 0 0 96 1 0 0 255 255 255 255 5 0 1 0 0 0 0 0 data 44 0x10005 0x1271 0x293a8760 0x13 0x1b22f080 0xb95 0x40008 0xa 0x52 0xc8 0x32 0x60 0x0 0x60 0x0 0x60 0x0 0x60 0x370004 0xffffffffffffffbe 0x0 0x0 0x0 0x0 0x3a0007 0x42 0x38 0x0 0x3e0003 0x0 0x18 0x440004 0xfffffffffffff3df 0x293a8760 0x6 0x19447f90 0x4 0x47e007 0xc21 0x38 0x4 0x4b0003 0x4 0x18 oops 4 2 java/awt/event/ComponentEvent 4 java/awt/event/InvocationEvent 33 java/awt/event/ComponentEvent 35 java/awt/SequencedEvent
ciMethodData sun/awt/EventQueueItem <init> (Ljava/awt/AWTEvent;)V 2 9085 orig 264 88 131 184 95 0 0 0 0 104 219 115 23 0 0 0 0 56 1 0 0 0 0 0 0 0 0 0 0 0 0 0 0 0 0 0 0 0 0 0 0 0 0 0 0 0 0 0 0 0 0 0 0 0 0 0 0 0 0 0 0 0 0 0 0 0 0 0 0 0 0 0 0 0 0 0 0 0 0 0 0 77 68 79 32 101 120 116 114 97 32 100 97 116 97 32 108 111 99 107 0 0 0 0 0 0 0 0 0 0 0 0 0 0 0 0 0 0 0 0 0 0 0 0 0 0 0 0 0 0 0 0 0 0 0 0 0 0 0 0 0 0 0 0 0 0 0 0 0 0 0 0 0 0 0 0 0 0 0 0 0 0 0 0 0 0 0 0 0 0 0 0 0 0 0 0 0 0 0 0 0 0 0 0 0 0 0 0 0 0 0 0 0 0 0 0 0 0 0 0 0 0 0 0 0 0 0 0 0 0 0 0 0 0 0 0 0 0 1 0 0 233 19 1 0 1 0 0 0 0 0 0 0 0 0 0 0 2 0 0 0 0 0 3 0 2 0 0 0 16 0 0 0 255 255 255 255 2 0 1 0 0 0 0 0 data 2 0x10002 0x227d oops 0
ciMethodData java/awt/EventQueue getPriority (Ljava/awt/AWTEvent;)I 2 4164 orig 264 88 131 184 95 0 0 0 0 48 168 84 23 0 0 0 0 40 3 0 0 192 1 0 0 0 0 0 0 0 0 0 0 0 0 0 0 0 0 0 0 0 0 0 0 0 0 0 0 0 0 0 0 0 0 0 0 0 0 0 0 0 0 0 0 0 0 0 0 0 0 0 0 0 0 0 0 0 0 0 0 77 68 79 32 101 120 116 114 97 32 100 97 116 97 32 108 111 99 107 0 0 0 0 0 0 0 0 0 0 0 0 0 0 0 0 0 0 0 0 0 0 0 0 0 0 0 0 0 0 0 0 0 0 0 0 0 0 0 0 0 0 0 0 0 0 0 0 0 0 0 0 0 0 0 0 0 0 0 0 0 0 0 0 0 0 0 0 0 0 0 0 0 0 0 0 0 0 0 0 1 0 0 0 0 0 0 0 0 0 0 0 0 0 0 0 0 0 0 0 0 0 0 0 0 0 0 0 0 0 0 0 0 0 0 0 0 0 1 0 0 33 122 0 0 1 0 0 0 29 8 0 0 0 0 0 0 2 0 0 0 0 0 17 0 2 0 0 0 224 1 0 0 255 255 255 255 4 0 1 0 0 0 0 0 data 60 0x10004 0xfffffffffffff0be 0x193d1840 0x2 0x0 0x0 0x40007 0xf42 0x140 0x2 0x80004 0x0 0x193d1840 0x2 0x0 0x0 0xd0005 0x0 0x193d1840 0x2 0x0 0x0 0x160007 0x1 0x20 0x1 0x1c0005 0x0 0x193d1840 0x1 0x0 0x0 0x230007 0x0 0x20 0x1 0x290005 0x0 0x0 0x0 0x0 0x0 0x320007 0x0 0x20 0x0 0x380005 0x34 0x1b22f080 0x79e 0x1b22f130 0x770 0x400007 0x777 0x40 0x7cb 0x47e007 0x7c5 0x20 0x7 oops 6 2 sun/awt/PeerEvent 12 sun/awt/PeerEvent 18 sun/awt/PeerEvent 28 sun/awt/PeerEvent 48 java/awt/event/InvocationEvent 50 java/awt/event/MouseEvent
ciMethodData java/awt/EventQueue postEvent (Ljava/awt/AWTEvent;I)V 2 4165 orig 264 88 131 184 95 0 0 0 0 128 169 84 23 0 0 0 0 0 4 0 0 64 2 0 0 0 0 0 0 0 0 0 0 0 0 0 0 0 0 0 0 0 0 0 0 0 0 0 0 0 0 0 0 0 0 0 0 0 0 0 0 0 0 0 0 0 0 0 0 0 0 0 0 0 0 0 0 0 0 0 0 77 68 79 32 101 120 116 114 97 32 100 97 116 97 32 108 111 99 107 0 0 0 0 0 0 0 0 0 0 0 0 0 0 0 0 0 0 0 0 0 0 0 0 0 0 0 0 0 0 0 0 0 0 0 0 0 0 0 0 0 0 0 0 0 0 0 0 0 0 0 0 0 0 0 0 0 0 0 0 0 0 0 0 0 0 0 0 0 0 0 0 0 0 0 0 0 0 0 0 0 0 0 0 0 0 0 0 0 0 0 0 0 0 0 0 0 0 0 0 0 0 0 0 0 0 0 0 0 0 0 0 0 0 0 0 0 0 1 0 0 41 122 0 0 1 0 0 0 0 0 0 0 0 0 0 0 2 0 0 0 1 0 43 0 2 0 0 0 168 2 0 0 255 255 255 255 2 0 3 0 0 0 0 0 data 85 0x30002 0xf45 0x60007 0xe94 0x20 0xb1 0xf0002 0xe94 0x150002 0xe94 0x190005 0x31 0x1b22f080 0x79e 0x1b22f130 0x6c5 0x200007 0xe94 0x38 0x0 0x240003 0x0 0x18 0x330007 0x1e5 0x1a0 0xcaf 0x370002 0xcaf 0x520007 0x3 0x108 0xcac 0x560005 0x3 0x1b22f080 0x6b0 0x1b22f130 0x5f9 0x590002 0xcac 0x5c0007 0x0 0x60 0xcac 0x5f0002 0xcac 0x660005 0x0 0x1b5e5990 0xcac 0x0 0x0 0x6d0005 0x0 0x1b5e5a40 0xcac 0x0 0x0 0x720003 0xcac 0x68 0x770007 0x3 0x50 0x0 0x7e0005 0x0 0x0 0x0 0x0 0x0 0x830003 0xcaf 0x68 0x9f0007 0x1e5 0x50 0x0 0xa60005 0x0 0x0 0x0 0x0 0x0 oops 6 12 java/awt/event/InvocationEvent 14 java/awt/event/MouseEvent 35 java/awt/event/InvocationEvent 37 java/awt/event/MouseEvent 49 sun/awt/AWTAutoShutdown 55 java/util/concurrent/locks/AbstractQueuedSynchronizer$ConditionObject
ciMethodData java/awt/EventQueue coalesceEvent (Ljava/awt/AWTEvent;I)Z 2 4165 orig 264 88 131 184 95 0 0 0 0 192 174 84 23 0 0 0 0 104 4 0 0 112 2 0 0 0 0 0 0 0 0 0 0 0 0 0 0 0 0 0 0 0 0 0 0 0 0 0 0 0 0 0 0 0 0 0 0 0 0 0 0 0 0 0 0 0 0 0 0 0 0 0 0 0 0 0 0 0 0 0 0 77 68 79 32 101 120 116 114 97 32 100 97 116 97 32 108 111 99 107 0 0 0 0 0 0 0 0 0 0 0 0 0 0 0 0 0 0 0 0 0 0 0 0 0 0 0 0 0 0 0 0 0 0 0 0 0 0 0 0 0 0 0 0 0 0 0 0 0 0 0 0 0 0 0 0 0 0 0 0 0 0 0 0 0 0 0 0 0 0 0 0 0 0 0 0 0 0 0 0 0 0 0 0 0 0 0 0 0 0 0 0 0 0 0 0 0 0 0 0 0 0 0 0 0 0 0 0 0 0 0 0 0 0 0 0 0 0 1 0 0 41 122 0 0 1 0 0 0 0 0 0 0 0 0 0 0 2 0 0 0 0 0 16 0 2 0 0 0 16 3 0 0 255 255 255 255 5 0 1 0 0 0 0 0 data 98 0x10005 0x37 0x1b22f080 0x79e 0x1b22f130 0x770 0x40004 0xfffffffffffff852 0x19427fb0 0x40 0x19428060 0x74a 0x70007 0x797 0x20 0x7ae 0xd0004 0xfffffffffffff869 0x1b22f130 0x41 0x0 0x0 0x100007 0x797 0x60 0x0 0x150004 0x0 0x0 0x0 0x0 0x0 0x180002 0x0 0x1d0005 0x14 0x1b22f130 0x770 0x19428110 0x13 0x200004 0x0 0x19428060 0x74a 0x194281c0 0x13 0x230005 0x7b 0x19428060 0x709 0x194281c0 0x13 0x260007 0x797 0x50 0x0 0x2c0002 0x0 0x2f0007 0x0 0x20 0x0 0x350004 0xfffffffffffff870 0x1b22f130 0x41 0x19428270 0x7 0x380007 0x790 0x60 0x7 0x3d0004 0x0 0x19428270 0x7 0x0 0x0 0x400002 0x7 0x450004 0xffffffffffffffe0 0x1b22f130 0x770 0x0 0x0 0x480007 0x20 0x60 0x770 0x4d0004 0x0 0x1b22f130 0x770 0x0 0x0 0x500002 0x770 oops 16 2 java/awt/event/InvocationEvent 4 java/awt/event/MouseEvent 8 sun/awt/windows/WToolkit 10 HalamanUtama 18 java/awt/event/MouseEvent 36 java/awt/event/MouseEvent 38 sun/awt/CausedFocusEvent 42 HalamanUtama 44 javax/swing/JButton 48 HalamanUtama 50 javax/swing/JButton 64 java/awt/event/MouseEvent 66 sun/awt/event/IgnorePaintEvent 74 sun/awt/event/IgnorePaintEvent 82 java/awt/event/MouseEvent 92 java/awt/event/MouseEvent
ciMethodData java/awt/EventQueue cacheEQItem (Lsun/awt/EventQueueItem;)V 2 3926 orig 264 88 131 184 95 0 0 0 0 144 175 84 23 0 0 0 0 176 2 0 0 16 1 0 0 0 0 0 0 0 0 0 0 0 0 0 0 0 0 0 0 0 0 0 0 0 0 0 0 0 0 0 0 0 0 0 0 0 0 0 0 0 0 0 0 0 0 0 0 0 0 0 0 0 0 0 0 0 0 0 0 77 68 79 32 101 120 116 114 97 32 100 97 116 97 32 108 111 99 107 0 0 0 0 0 0 0 0 0 0 0 0 0 0 0 0 0 0 0 0 0 0 0 0 0 0 0 0 0 0 0 0 0 0 0 0 0 0 0 0 0 0 0 0 0 0 0 0 0 0 0 0 0 0 0 0 0 0 0 0 0 0 0 0 0 0 0 0 0 0 0 0 0 0 0 0 0 0 0 0 0 0 0 0 0 0 0 0 0 0 0 0 0 0 0 0 0 0 0 0 0 0 0 0 0 0 0 0 0 0 0 0 0 0 0 0 0 194 0 0 0 161 116 0 0 1 0 0 0 0 0 0 0 0 0 0 0 2 0 0 0 0 0 11 0 2 0 0 0 96 1 0 0 255 255 255 255 2 0 4 0 0 0 0 0 data 44 0x40002 0xe94 0xa0007 0x7e6 0x150 0x6ae 0x110005 0x2 0x1b22f130 0x6ab 0x19428270 0x1 0x140004 0xfffffffffffffffe 0x19428060 0x685 0x293a7690 0x27 0x170007 0x2 0xd0 0x6ac 0x1e0005 0x0 0x1b22f130 0x6ab 0x19428270 0x1 0x210004 0x0 0x19428060 0x685 0x293a7690 0x27 0x290007 0x6ab 0x20 0x1 0x3a0004 0x0 0x1b47c9d0 0x6ac 0x0 0x0 oops 9 8 java/awt/event/MouseEvent 10 sun/awt/event/IgnorePaintEvent 14 HalamanUtama 16 javax/swing/JDialog 24 java/awt/event/MouseEvent 26 sun/awt/event/IgnorePaintEvent 30 HalamanUtama 32 javax/swing/JDialog 40 sun/awt/EventQueueItem
ciMethodData java/awt/EventQueue noEvents ()Z 2 13216 orig 264 88 131 184 95 0 0 0 0 48 178 84 23 0 0 0 0 120 1 0 0 32 0 0 0 0 0 0 0 0 0 0 0 0 0 0 0 0 0 0 0 0 0 0 0 0 0 0 0 0 0 0 0 0 0 0 0 0 0 0 0 0 0 0 0 0 0 0 0 0 0 0 0 0 0 0 0 0 0 0 0 77 68 79 32 101 120 116 114 97 32 100 97 116 97 32 108 111 99 107 0 0 0 0 0 0 0 0 0 0 0 0 0 0 0 0 0 0 0 0 0 0 0 0 0 0 0 0 0 0 0 0 0 0 0 0 0 0 0 0 0 0 0 0 0 0 0 0 0 0 0 0 0 0 0 0 0 0 0 0 0 0 0 0 0 0 0 0 0 0 0 0 0 0 0 0 0 0 0 0 0 0 0 0 0 0 0 0 0 0 0 0 0 0 0 0 0 0 0 0 0 0 0 0 0 0 0 0 0 0 0 0 0 0 0 0 0 237 0 0 0 121 101 0 0 153 149 1 0 0 0 0 0 0 0 0 0 2 0 0 0 0 0 0 0 0 0 0 0 88 0 0 0 255 255 255 255 7 0 4 0 0 0 0 0 data 11 0x40007 0xcac 0x58 0x32b6 0x100007 0x32b3 0x20 0x3 0x180003 0x32b3 0xffffffffffffffc0 oops 0
ciMethodData sun/awt/AWTAutoShutdown notifyThreadBusy (Ljava/lang/Thread;)V 2 3305 orig 264 88 131 184 95 0 0 0 0 24 81 81 23 0 0 0 0 120 2 0 0 248 0 0 0 0 0 0 0 0 0 0 0 0 0 0 0 0 0 0 0 0 0 0 0 0 0 0 0 0 0 0 0 0 0 0 0 0 0 0 0 0 0 0 0 0 0 0 0 0 0 0 0 0 0 0 0 0 0 0 0 77 68 79 32 101 120 116 114 97 32 100 97 116 97 32 108 111 99 107 0 0 0 0 0 0 0 0 0 0 0 0 0 0 0 0 0 0 0 0 0 0 0 0 0 0 0 0 0 0 0 0 0 0 0 0 0 0 0 0 0 0 0 0 0 0 0 0 0 0 0 0 0 0 0 0 0 0 0 0 0 0 0 0 0 0 0 0 0 0 0 0 0 0 0 0 0 0 0 0 0 0 0 0 0 0 0 0 0 0 0 0 0 0 0 0 0 0 0 0 0 0 0 0 0 0 0 0 0 0 0 0 0 0 0 0 0 60 0 0 0 105 101 0 0 1 0 0 0 0 0 0 0 0 0 0 0 2 0 0 0 0 0 20 0 2 0 0 0 40 1 0 0 255 255 255 255 7 0 1 0 0 0 0 0 data 37 0x10007 0xcad 0x20 0x0 0x170007 0xcad 0x48 0x0 0x1b0002 0x0 0x1e0003 0x0 0x78 0x220002 0xcad 0x250007 0xcad 0x50 0x0 0x2c0005 0x0 0x0 0x0 0x0 0x0 0x390005 0x0 0x2e284b0 0xcad 0x0 0x0 0x410003 0xcad 0x18 0x4d0003 0xcad 0x18 oops 1 27 java/util/HashSet
ciMethodData java/util/concurrent/locks/AbstractQueuedSynchronizer$ConditionObject signalAll ()V 2 8464 orig 264 88 131 184 95 0 0 0 0 16 9 75 23 0 0 0 0 216 1 0 0 80 0 0 0 0 0 0 0 0 0 0 0 0 0 0 0 0 0 0 0 0 0 0 0 0 0 0 0 0 0 0 0 0 0 0 0 0 0 0 0 0 0 0 0 0 0 0 0 0 0 0 0 0 0 0 0 0 0 0 0 77 68 79 32 101 120 116 114 97 32 100 97 116 97 32 108 111 99 107 0 0 0 0 0 0 0 0 0 0 0 0 0 0 0 0 0 0 0 0 0 0 0 0 0 0 0 0 0 0 0 0 0 0 0 0 0 0 0 0 0 0 0 0 0 0 0 0 0 0 0 0 0 0 0 0 0 0 0 0 0 0 0 0 0 0 0 0 0 0 0 0 0 0 0 0 0 0 0 0 0 0 0 0 0 0 0 0 0 0 0 0 0 0 0 0 0 0 0 0 0 0 0 0 0 0 0 0 0 0 0 0 0 0 0 0 0 198 0 0 0 81 2 1 0 1 0 0 0 0 0 0 0 0 0 0 0 2 0 0 0 0 0 8 0 2 0 0 0 144 0 0 0 255 255 255 255 5 0 4 0 0 0 0 0 data 18 0x40005 0x0 0x193db860 0x204a 0x0 0x0 0x70007 0x204a 0x30 0x0 0xe0002 0x0 0x180007 0x1814 0x30 0x836 0x1d0002 0x836 oops 1 2 java/util/concurrent/locks/ReentrantLock$NonfairSync
ciMethodData java/util/concurrent/locks/AbstractQueuedSynchronizer$ConditionObject doSignalAll (Ljava/util/concurrent/locks/AbstractQueuedSynchronizer$Node;)V 2 2129 orig 264 88 131 184 95 0 0 0 0 192 6 75 23 0 0 0 0 160 1 0 0 0 0 0 0 0 0 0 0 0 0 0 0 0 0 0 0 0 0 0 0 0 0 0 0 0 0 0 0 0 0 0 0 0 0 0 0 0 0 0 0 0 0 0 0 0 0 0 0 0 0 0 0 0 0 0 0 0 0 0 0 77 68 79 32 101 120 116 114 97 32 100 97 116 97 32 108 111 99 107 0 0 0 0 0 0 0 0 0 0 0 0 0 0 0 0 0 0 0 0 0 0 0 0 0 0 0 0 0 0 0 0 0 0 0 0 0 0 0 0 0 0 0 0 0 0 0 0 0 0 0 0 0 0 0 0 0 0 0 0 0 0 0 0 0 0 0 0 0 0 0 0 0 0 0 0 0 0 0 0 0 0 0 0 0 0 0 0 0 0 0 0 0 0 0 0 0 0 0 0 0 0 0 0 0 0 0 0 0 0 0 0 0 0 0 0 0 27 0 0 0 177 65 0 0 169 57 0 0 0 0 0 0 0 0 0 0 2 0 0 0 1 0 6 0 2 0 0 0 80 0 0 0 255 255 255 255 5 0 25 0 0 0 0 0 data 10 0x190005 0x101 0x193db860 0x735 0x0 0x0 0x200007 0x0 0xffffffffffffffd0 0x836 oops 1 2 java/util/concurrent/locks/ReentrantLock$NonfairSync
ciMethodData java/util/concurrent/locks/ReentrantLock$Sync isHeldExclusively ()Z 2 5377 orig 264 88 131 184 95 0 0 0 0 0 156 74 23 0 0 0 0 192 1 0 0 0 0 0 0 0 0 0 0 0 0 0 0 0 0 0 0 0 0 0 0 0 0 0 0 0 0 0 0 0 0 0 0 0 0 0 0 0 0 0 0 0 0 0 0 0 0 0 0 0 0 0 0 0 0 0 0 0 0 0 0 77 68 79 32 101 120 116 114 97 32 100 97 116 97 32 108 111 99 107 0 0 0 0 0 0 0 0 0 0 0 0 0 0 0 0 0 0 0 0 0 0 0 0 0 0 0 0 0 0 0 0 0 0 0 0 0 0 0 0 0 0 0 0 0 0 0 0 0 0 0 0 0 0 0 0 0 0 0 0 0 0 0 0 0 0 0 0 0 0 0 0 0 0 0 0 0 0 0 0 0 0 0 0 0 0 0 0 0 0 0 0 0 0 0 0 0 0 0 0 0 0 0 0 0 0 0 0 0 0 0 0 0 0 0 0 0 0 1 0 0 9 160 0 0 1 0 0 0 0 0 0 0 0 0 0 0 2 0 0 0 0 0 6 0 2 0 0 0 120 0 0 0 255 255 255 255 5 0 1 0 0 0 0 0 data 15 0x10005 0x1 0x193db860 0x1400 0x0 0x0 0x40002 0x1401 0x70007 0x0 0x38 0x1401 0xb0003 0x1401 0x18 oops 1 2 java/util/concurrent/locks/ReentrantLock$NonfairSync
ciMethodData java/awt/EventQueue getNextEventPrivate ()Ljava/awt/AWTEvent; 2 13905 orig 264 88 131 184 95 0 0 0 0 40 180 84 23 0 0 0 0 168 1 0 0 64 0 0 0 0 0 0 0 0 0 0 0 0 0 0 0 0 0 0 0 0 0 0 0 0 0 0 0 0 0 0 0 0 0 0 0 0 0 0 0 0 0 0 0 0 0 0 0 0 0 0 0 0 0 0 0 0 0 0 0 77 68 79 32 101 120 116 114 97 32 100 97 116 97 32 108 111 99 107 0 0 0 0 0 0 0 0 0 0 0 0 0 0 0 0 0 0 0 0 0 0 0 0 0 0 0 0 0 0 0 0 0 0 0 0 0 0 0 0 0 0 0 0 0 0 0 0 0 0 0 0 0 0 0 0 0 0 0 0 0 0 0 0 0 0 0 0 0 0 0 0 0 0 0 0 0 0 0 0 0 0 0 0 0 0 0 0 0 0 0 0 0 0 0 0 0 0 0 0 0 0 0 0 0 0 0 0 0 0 0 0 0 0 0 0 0 73 2 0 0 49 160 0 0 65 160 1 0 0 0 0 0 0 0 0 0 2 0 0 0 1 0 11 0 2 0 0 0 136 0 0 0 255 255 255 255 7 0 3 0 0 0 0 0 data 17 0x30007 0x5ff 0x88 0x420f 0xf0007 0x3408 0x50 0xe07 0x2d0007 0x194 0x20 0xc73 0x3c0002 0xe07 0x470003 0x3408 0xffffffffffffff90 oops 0
ciMethodData java/awt/EventQueue uncacheEQItem (Lsun/awt/EventQueueItem;)V 2 3813 orig 264 88 131 184 95 0 0 0 0 152 176 84 23 0 0 0 0 176 2 0 0 16 1 0 0 0 0 0 0 0 0 0 0 0 0 0 0 0 0 0 0 0 0 0 0 0 0 0 0 0 0 0 0 0 0 0 0 0 0 0 0 0 0 0 0 0 0 0 0 0 0 0 0 0 0 0 0 0 0 0 0 77 68 79 32 101 120 116 114 97 32 100 97 116 97 32 108 111 99 107 0 0 0 0 0 0 0 0 0 0 0 0 0 0 0 0 0 0 0 0 0 0 0 0 0 0 0 0 0 0 0 0 0 0 0 0 0 0 0 0 0 0 0 0 0 0 0 0 0 0 0 0 0 0 0 0 0 0 0 0 0 0 0 0 0 0 0 0 0 0 0 0 0 0 0 0 0 0 0 0 0 0 0 0 0 0 0 0 0 0 0 0 0 0 0 0 0 0 0 0 0 0 0 0 0 0 0 0 0 0 0 0 0 0 0 0 0 220 0 0 0 73 112 0 0 1 0 0 0 0 0 0 0 0 0 0 0 2 0 0 0 0 0 10 0 2 0 0 0 96 1 0 0 255 255 255 255 2 0 4 0 0 0 0 0 data 44 0x40002 0xe09 0xa0007 0x7b0 0x150 0x659 0x110005 0x2 0x1b22f130 0x656 0x19428270 0x1 0x140004 0xfffffffffffffffe 0x19428060 0x630 0x293a7690 0x27 0x170007 0x2 0xd0 0x657 0x1e0005 0x0 0x1b22f130 0x656 0x19428270 0x1 0x210004 0x0 0x19428060 0x630 0x293a7690 0x27 0x290007 0x657 0x20 0x0 0x330104 0x0 0x0 0x0 0x0 0x0 oops 8 8 java/awt/event/MouseEvent 10 sun/awt/event/IgnorePaintEvent 14 HalamanUtama 16 javax/swing/JDialog 24 java/awt/event/MouseEvent 26 sun/awt/event/IgnorePaintEvent 30 HalamanUtama 32 javax/swing/JDialog
ciMethodData java/awt/EventQueue getNextEvent ()Ljava/awt/AWTEvent; 2 5376 orig 264 88 131 184 95 0 0 0 0 56 179 84 23 0 0 0 0 8 3 0 0 168 1 0 0 0 0 0 0 0 0 0 0 0 0 0 0 0 0 0 0 0 0 0 0 0 0 0 0 0 0 0 0 0 0 0 0 0 0 0 0 0 0 0 0 0 0 0 0 0 0 0 0 0 0 0 0 0 0 0 0 77 68 79 32 101 120 116 114 97 32 100 97 116 97 32 108 111 99 107 0 0 0 0 0 0 0 0 0 0 0 0 0 0 0 0 0 0 0 0 0 0 0 0 0 0 0 0 0 0 0 0 0 0 0 0 0 0 0 0 0 0 0 0 0 0 0 0 0 0 0 0 0 0 0 0 0 0 0 0 0 0 0 0 0 0 0 0 0 0 0 0 0 0 0 0 0 0 0 0 0 0 0 0 0 0 0 0 0 0 0 0 0 0 0 0 0 0 0 0 0 0 0 0 0 0 0 0 0 0 0 0 0 0 0 0 0 0 1 0 0 1 160 0 0 185 67 0 0 0 0 0 0 0 0 0 0 2 0 0 0 1 0 14 0 2 0 0 0 192 1 0 0 255 255 255 255 2 0 4 0 0 0 0 0 data 56 0x40002 0x1c77 0xb0005 0x0 0x1b5e58e0 0x1c77 0x0 0x0 0x110005 0x0 0x1b5e5280 0x1c77 0x0 0x0 0x160007 0x877 0x50 0x1400 0x1f0005 0x0 0x1b5e58e0 0x1400 0x0 0x0 0x260002 0x877 0x2d0005 0x30 0x1b5e5990 0x847 0x0 0x0 0x340005 0x0 0x1b5e5a40 0x877 0x0 0x0 0x3d0005 0x0 0x1b5e58e0 0x877 0x0 0x0 0x420003 0x877 0x48 0x4a0005 0x0 0x0 0x0 0x0 0x0 0x510003 0x877 0xfffffffffffffe58 oops 6 4 java/util/concurrent/locks/ReentrantLock 10 java/awt/EventQueue 20 java/util/concurrent/locks/ReentrantLock 28 sun/awt/AWTAutoShutdown 34 java/util/concurrent/locks/AbstractQueuedSynchronizer$ConditionObject 40 java/util/concurrent/locks/ReentrantLock
ciMethodData java/util/concurrent/locks/AbstractQueuedSynchronizer compareAndSetWaitStatus (Ljava/util/concurrent/locks/AbstractQueuedSynchronizer$Node;II)Z 2 6915 orig 264 88 131 184 95 0 0 0 0 56 219 74 23 0 0 0 0 136 1 0 0 0 0 0 0 0 0 0 0 0 0 0 0 0 0 0 0 0 0 0 0 0 0 0 0 0 0 0 0 0 0 0 0 0 0 0 0 0 0 0 0 0 0 0 0 0 0 0 0 0 0 0 0 0 0 0 0 0 0 0 0 77 68 79 32 101 120 116 114 97 32 100 97 116 97 32 108 111 99 107 0 0 0 0 0 0 0 0 0 0 0 0 0 0 0 0 0 0 0 0 0 0 0 0 0 0 0 0 0 0 0 0 0 0 0 0 0 0 0 0 0 0 0 0 0 0 0 0 0 0 0 0 0 0 0 0 0 0 0 0 0 0 0 0 0 0 0 0 0 0 0 0 0 0 0 0 0 0 0 0 0 0 0 0 0 17 0 0 0 0 0 0 0 0 0 0 0 0 0 0 0 0 0 0 0 0 0 0 0 0 0 0 0 0 0 0 0 2 1 0 0 9 208 0 0 1 0 0 0 0 0 0 0 0 0 0 0 2 0 0 0 0 0 3 0 1 0 0 0 48 0 0 0 255 255 255 255 5 0 9 0 0 0 0 0 data 6 0x90005 0x0 0x0 0x0 0x0 0x0 oops 0
ciMethodData java/awt/EventQueue coalesceMouseEvent (Ljava/awt/event/MouseEvent;)Z 2 1991 orig 264 88 131 184 95 0 0 0 0 240 171 84 23 0 0 0 0 32 2 0 0 96 0 0 0 0 0 0 0 0 0 0 0 0 0 0 0 0 0 0 0 0 0 0 0 0 0 0 0 0 0 0 0 0 0 0 0 0 0 0 0 0 0 0 0 0 0 0 0 0 0 0 0 0 0 0 0 0 0 0 0 77 68 79 32 101 120 116 114 97 32 100 97 116 97 32 108 111 99 107 0 0 0 0 0 0 0 0 0 0 0 0 0 0 0 0 0 0 0 0 0 0 0 0 0 0 0 0 0 0 0 0 0 0 0 0 0 0 0 0 0 0 0 0 0 0 0 0 0 0 0 0 0 0 0 0 0 0 0 0 0 0 0 0 0 0 0 0 0 0 0 0 0 0 0 0 0 0 0 0 0 0 0 0 0 0 0 0 0 0 0 0 0 0 0 0 0 0 0 0 0 0 0 0 0 0 0 0 0 0 0 0 0 0 0 0 0 152 0 0 0 121 57 0 0 1 0 0 0 0 0 0 0 0 0 0 0 2 0 0 0 0 0 10 0 2 0 0 0 208 0 0 0 255 255 255 255 5 0 1 0 0 0 0 0 data 26 0x10005 0x0 0x1b22f130 0x72f 0x0 0x0 0x40004 0x0 0x19428060 0x704 0x293a7690 0x2b 0xc0007 0x72f 0x20 0x0 0x120002 0x72f 0x180007 0x1a 0x40 0x715 0x1e0007 0x675 0x20 0xa0 oops 3 2 java/awt/event/MouseEvent 8 HalamanUtama 10 javax/swing/JDialog
ciMethodData sun/awt/AWTAutoShutdown notifyThreadFree (Ljava/lang/Thread;)V 2 2220 orig 264 88 131 184 95 0 0 0 0 32 82 81 23 0 0 0 0 48 2 0 0 176 0 0 0 0 0 0 0 0 0 0 0 0 0 0 0 0 0 0 0 0 0 0 0 0 0 0 0 0 0 0 0 0 0 0 0 0 0 0 0 0 0 0 0 0 0 0 0 0 0 0 0 0 0 0 0 0 0 0 0 77 68 79 32 101 120 116 114 97 32 100 97 116 97 32 108 111 99 107 0 0 0 0 0 0 0 0 0 0 0 0 0 0 0 0 0 0 0 0 0 0 0 0 0 0 0 0 0 0 0 0 0 0 0 0 0 0 0 0 0 0 0 0 0 0 0 0 0 0 0 0 0 0 0 0 0 0 0 0 0 0 0 0 0 0 0 0 0 0 0 0 0 0 0 0 0 0 0 0 0 0 0 0 0 0 0 0 0 0 0 0 0 0 0 0 0 0 0 0 0 0 0 0 0 0 0 0 0 0 0 0 0 0 0 0 0 96 0 0 0 97 66 0 0 1 0 0 0 0 0 0 0 0 0 0 0 2 0 0 0 0 0 18 0 2 0 0 0 224 0 0 0 255 255 255 255 7 0 1 0 0 0 0 0 data 28 0x10007 0x84c 0x20 0x0 0x180005 0x0 0x2e284b0 0x84c 0x0 0x0 0x1f0002 0x84c 0x220007 0x84c 0x50 0x0 0x290005 0x0 0x0 0x0 0x0 0x0 0x330003 0x84c 0x18 0x3f0003 0x84c 0x18 oops 1 6 java/util/HashSet
ciMethodData java/util/concurrent/locks/AbstractQueuedSynchronizer$ConditionObject await ()V 2 2223 orig 264 88 131 184 95 0 0 0 0 80 12 75 23 0 0 0 0 64 3 0 0 184 1 0 0 0 0 0 0 0 0 0 0 0 0 0 0 0 0 0 0 0 0 0 0 0 0 0 0 0 0 0 0 0 0 0 0 0 0 0 0 0 0 0 0 0 0 0 0 0 0 0 0 0 0 0 0 0 0 0 0 77 68 79 32 101 120 116 114 97 32 100 97 116 97 32 108 111 99 107 0 0 0 0 0 0 0 0 0 0 0 0 0 0 0 0 0 0 0 0 0 0 0 0 0 0 0 0 0 0 0 0 0 0 0 0 0 0 0 0 0 0 0 0 0 0 0 0 0 0 0 0 0 0 0 0 0 0 0 0 0 0 0 0 0 0 0 0 0 0 0 0 0 0 0 0 0 0 0 0 0 0 0 0 0 0 0 0 0 0 0 0 0 0 0 0 0 0 0 0 0 0 0 0 0 0 0 0 0 0 0 0 0 0 0 0 0 97 0 0 0 113 66 0 0 97 66 0 0 0 0 0 0 0 0 0 0 2 0 0 0 2 0 47 0 2 0 0 0 248 1 0 0 255 255 255 255 2 0 0 0 0 0 0 0 data 63 0x2 0x84e 0x30007 0x84e 0x30 0x0 0xa0002 0x0 0xf0002 0x84e 0x180005 0x102 0x193db860 0x74c 0x0 0x0 0x230005 0x204 0x193db860 0xe96 0x0 0x0 0x260007 0x84c 0x78 0x84e 0x2a0002 0x84e 0x2f0002 0x84c 0x340007 0x84c 0xffffffffffffff90 0x0 0x370003 0x0 0x18 0x400005 0x102 0x193db860 0x74a 0x0 0x0 0x430007 0x84c 0x40 0x0 0x480007 0x0 0x20 0x0 0x510007 0x84c 0x30 0x0 0x550002 0x0 0x590007 0x84c 0x30 0x0 0x5e0002 0x0 oops 3 12 java/util/concurrent/locks/ReentrantLock$NonfairSync 18 java/util/concurrent/locks/ReentrantLock$NonfairSync 39 java/util/concurrent/locks/ReentrantLock$NonfairSync
ciMethodData java/util/concurrent/locks/AbstractQueuedSynchronizer isOnSyncQueue (Ljava/util/concurrent/locks/AbstractQueuedSynchronizer$Node;)Z 2 4548 orig 264 88 131 184 95 0 0 0 0 176 211 74 23 0 0 0 0 152 1 0 0 64 0 0 0 0 0 0 0 0 0 0 0 0 0 0 0 0 0 0 0 0 0 0 0 0 0 0 0 0 0 0 0 0 0 0 0 0 0 0 0 0 0 0 0 0 0 0 0 0 0 0 0 0 0 0 0 0 0 0 0 77 68 79 32 101 120 116 114 97 32 100 97 116 97 32 108 111 99 107 0 0 0 0 0 0 0 0 0 0 0 0 0 0 0 0 0 0 0 0 0 0 0 0 0 0 0 0 0 0 0 0 0 0 0 0 0 0 0 0 0 0 0 0 0 0 0 0 0 0 0 0 0 0 0 0 0 0 0 0 0 0 0 0 0 0 0 0 0 0 0 0 0 0 0 0 0 0 0 0 0 0 0 0 0 0 0 0 0 0 0 0 0 0 0 0 0 0 0 0 0 0 0 0 0 0 0 0 0 0 0 0 0 0 0 0 0 0 1 0 0 33 134 0 0 1 0 0 0 0 0 0 0 0 0 0 0 2 0 0 0 1 0 16 0 2 0 0 0 112 0 0 0 255 255 255 255 7 0 6 0 0 0 0 0 data 14 0x60007 0x867 0x40 0x85d 0xd0007 0x85d 0x20 0x0 0x160007 0x85d 0x20 0x0 0x1d0002 0x85d oops 0
ciMethodData java/util/concurrent/locks/AbstractQueuedSynchronizer findNodeFromTail (Ljava/util/concurrent/locks/AbstractQueuedSynchronizer$Node;)Z 2 2268 orig 264 88 131 184 95 0 0 0 0 96 212 74 23 0 0 0 0 168 1 0 0 32 0 0 0 0 0 0 0 0 0 0 0 0 0 0 0 0 0 0 0 0 0 0 0 0 0 0 0 0 0 0 0 0 0 0 0 0 0 0 0 0 0 0 0 0 0 0 0 0 0 0 0 0 0 0 0 0 0 0 0 77 68 79 32 101 120 116 114 97 32 100 97 116 97 32 108 111 99 107 0 0 0 0 0 0 0 0 0 0 0 0 0 0 0 0 0 0 0 0 0 0 0 0 0 0 0 0 0 0 0 0 0 0 0 0 0 0 0 0 0 0 0 0 0 0 0 0 0 0 0 0 0 0 0 0 0 0 0 0 0 0 0 0 0 0 0 0 0 0 0 0 0 0 0 0 0 0 0 0 0 0 0 0 0 0 0 0 0 0 0 0 0 0 0 0 0 0 0 0 0 0 0 0 0 0 0 0 0 0 0 0 0 0 0 0 0 127 0 0 0 233 66 0 0 1 0 0 0 0 0 0 0 0 0 0 0 2 0 0 0 0 0 0 0 0 0 0 0 88 0 0 0 255 255 255 255 7 0 7 0 0 0 0 0 data 11 0x70007 0x0 0x20 0x85d 0xd0007 0x0 0x20 0x0 0x170003 0x0 0xffffffffffffffc0 oops 0
ciMethodData java/util/HashMap afterNodeRemoval (Ljava/util/HashMap$Node;)V 2 1280 orig 264 88 131 184 95 0 0 0 0 40 181 16 23 0 0 0 0 40 1 0 0 0 0 0 0 0 0 0 0 0 0 0 0 0 0 0 0 0 0 0 0 0 0 0 0 0 0 0 0 0 0 0 0 0 0 0 0 0 0 0 0 0 0 0 0 0 0 0 0 0 0 0 0 0 0 0 0 0 0 0 0 77 68 79 32 101 120 116 114 97 32 100 97 116 97 32 108 111 99 107 0 0 0 0 0 0 0 0 0 0 0 0 0 0 0 0 0 0 0 0 0 0 0 0 0 0 0 0 0 0 0 0 0 0 0 0 0 0 0 0 0 0 0 0 0 0 0 0 0 0 0 0 0 0 0 0 0 0 0 0 0 0 0 0 0 0 0 0 0 0 0 0 0 0 0 0 0 0 0 0 0 0 0 0 0 0 0 0 0 0 0 0 0 0 0 0 0 0 0 0 0 0 0 0 0 0 0 0 0 0 0 0 0 0 0 0 0 0 1 0 0 1 32 0 0 1 0 0 0 0 0 0 0 0 0 0 0 2 0 0 0 0 0 3 0 1 0 0 0 0 0 0 0 255 255 255 255 0 0 0 0 0 0 0 0 data 0 oops 0
ciMethodData java/util/concurrent/locks/LockSupport setBlocker (Ljava/lang/Thread;Ljava/lang/Object;)V 2 4830 orig 264 88 131 184 95 0 0 0 0 208 207 203 39 0 0 0 0 128 1 0 0 0 0 0 0 0 0 0 0 0 0 0 0 0 0 0 0 0 0 0 0 0 0 0 0 0 0 0 0 0 0 0 0 0 0 0 0 0 0 0 0 0 0 0 0 0 0 0 0 0 0 0 0 0 0 0 0 0 0 0 0 77 68 79 32 101 120 116 114 97 32 100 97 116 97 32 108 111 99 107 0 0 0 0 0 0 0 0 0 0 0 0 0 0 0 0 0 0 0 0 0 0 0 0 0 0 0 0 0 0 0 0 0 0 0 0 0 0 0 0 0 0 0 0 0 0 0 0 0 0 0 0 0 0 0 0 0 0 0 0 0 0 0 0 0 0 0 0 0 0 0 0 0 0 0 0 0 0 0 0 0 0 0 0 0 17 0 0 0 0 0 0 0 0 0 0 0 0 0 0 0 0 0 0 0 0 0 0 0 0 0 0 0 0 0 0 0 132 1 0 0 209 138 0 0 1 0 0 0 0 0 0 0 0 0 0 0 2 0 0 0 0 0 3 0 1 0 0 0 48 0 0 0 255 255 255 255 5 0 8 0 0 0 0 0 data 6 0x80005 0x0 0x0 0x0 0x0 0x0 oops 0
ciMethodData java/util/concurrent/locks/AbstractQueuedSynchronizer compareAndSetTail (Ljava/util/concurrent/locks/AbstractQueuedSynchronizer$Node;Ljava/util/concurrent/locks/AbstractQueuedSynchronizer$Node;)Z 2 2332 orig 264 88 131 184 95 0 0 0 0 152 218 74 23 0 0 0 0 136 1 0 0 0 0 0 0 0 0 0 0 0 0 0 0 0 0 0 0 0 0 0 0 0 0 0 0 0 0 0 0 0 0 0 0 0 0 0 0 0 0 0 0 0 0 0 0 0 0 0 0 0 0 0 0 0 0 0 0 0 0 0 0 77 68 79 32 101 120 116 114 97 32 100 97 116 97 32 108 111 99 107 0 0 0 0 0 0 0 0 0 0 0 0 0 0 0 0 0 0 0 0 0 0 0 0 0 0 0 0 0 0 0 0 0 0 0 0 0 0 0 0 0 0 0 0 0 0 0 0 0 0 0 0 0 0 0 0 0 0 0 0 0 0 0 0 0 0 0 0 0 0 0 0 0 0 0 0 0 0 0 0 0 0 0 0 0 17 0 0 0 0 0 0 0 0 0 0 0 0 0 0 0 0 0 0 0 0 0 0 0 0 0 0 0 0 0 0 0 0 1 0 0 225 64 0 0 1 0 0 0 0 0 0 0 0 0 0 0 2 0 0 0 0 0 3 0 1 0 0 0 48 0 0 0 255 255 255 255 5 0 9 0 0 0 0 0 data 6 0x90005 0x0 0x0 0x0 0x0 0x0 oops 0
ciMethodData java/util/concurrent/locks/AbstractQueuedSynchronizer$ConditionObject addConditionWaiter ()Ljava/util/concurrent/locks/AbstractQueuedSynchronizer$Node; 2 2275 orig 264 88 131 184 95 0 0 0 0 72 5 75 23 0 0 0 0 240 1 0 0 64 0 0 0 0 0 0 0 0 0 0 0 0 0 0 0 0 0 0 0 0 0 0 0 0 0 0 0 0 0 0 0 0 0 0 0 0 0 0 0 0 0 0 0 0 0 0 0 0 0 0 0 0 0 0 0 0 0 0 0 77 68 79 32 101 120 116 114 97 32 100 97 116 97 32 108 111 99 107 0 0 0 0 0 0 0 0 0 0 0 0 0 0 0 0 0 0 0 0 0 0 0 0 0 0 0 0 0 0 0 0 0 0 0 0 0 0 0 0 0 0 0 0 0 0 0 0 0 0 0 0 0 0 0 0 0 0 0 0 0 0 0 0 0 0 0 0 0 0 0 0 0 0 0 0 0 0 0 0 0 0 0 0 0 0 0 0 0 0 0 0 0 0 0 0 0 0 0 0 0 0 0 0 0 0 0 0 0 0 0 0 0 0 0 0 0 0 1 0 0 25 63 0 0 1 0 0 0 0 0 0 0 0 0 0 0 2 0 0 0 0 0 11 0 2 0 0 0 168 0 0 0 255 255 255 255 7 0 6 0 0 0 0 0 data 21 0x60007 0x7e1 0x50 0x2 0xf0007 0x0 0x30 0x2 0x130002 0x2 0x1f0002 0x7e3 0x240002 0x7e3 0x290007 0x0 0x38 0x7e3 0x310003 0x7e3 0x18 oops 0
ciMethodData java/util/concurrent/locks/AbstractQueuedSynchronizer$Node <init> (Ljava/lang/Thread;I)V 2 2275 orig 264 88 131 184 95 0 0 0 0 56 244 74 23 0 0 0 0 64 1 0 0 0 0 0 0 0 0 0 0 0 0 0 0 0 0 0 0 0 0 0 0 0 0 0 0 0 0 0 0 0 0 0 0 0 0 0 0 0 0 0 0 0 0 0 0 0 0 0 0 0 0 0 0 0 0 0 0 0 0 0 0 77 68 79 32 101 120 116 114 97 32 100 97 116 97 32 108 111 99 107 0 0 0 0 0 0 0 0 0 0 0 0 0 0 0 0 0 0 0 0 0 0 0 0 0 0 0 0 0 0 0 0 0 0 0 0 0 0 0 0 0 0 0 0 0 0 0 0 0 0 0 0 0 0 0 0 0 0 0 0 0 0 0 0 0 0 0 0 0 0 0 0 0 0 0 0 0 0 0 0 0 0 0 0 0 0 0 0 0 0 0 0 0 0 0 0 0 0 0 0 0 0 0 0 0 0 0 0 0 0 0 0 0 0 0 0 0 0 1 0 0 25 63 0 0 1 0 0 0 0 0 0 0 0 0 0 0 2 0 0 0 0 0 3 0 2 0 0 0 16 0 0 0 255 255 255 255 2 0 1 0 0 0 0 0 data 2 0x10002 0x7e3 oops 0
ciMethodData java/util/concurrent/locks/AbstractQueuedSynchronizer enq (Ljava/util/concurrent/locks/AbstractQueuedSynchronizer$Node;)Ljava/util/concurrent/locks/AbstractQueuedSynchronizer$Node; 2 2184 orig 264 88 131 184 95 0 0 0 0 112 178 74 23 0 0 0 0 232 1 0 0 168 0 0 0 0 0 0 0 0 0 0 0 0 0 0 0 0 0 0 0 0 0 0 0 0 0 0 0 0 0 0 0 0 0 0 0 0 0 0 0 0 0 0 0 0 0 0 0 0 0 0 0 0 0 0 0 0 0 0 0 77 68 79 32 101 120 116 114 97 32 100 97 116 97 32 108 111 99 107 0 0 0 0 0 0 0 0 0 0 0 0 0 0 0 0 0 0 0 0 0 0 0 0 0 0 0 0 0 0 0 0 0 0 0 0 0 0 0 0 0 0 0 0 0 0 0 0 0 0 0 0 0 0 0 0 0 0 0 0 0 0 0 0 0 0 0 0 0 0 0 0 0 0 0 0 0 0 0 0 0 0 0 0 0 25 0 0 0 0 0 0 0 0 0 0 0 0 0 0 0 0 0 0 0 0 0 0 0 0 0 0 0 0 0 0 0 0 1 0 0 65 60 0 0 17 0 0 0 0 0 0 0 0 0 0 0 2 0 0 0 1 0 10 0 2 0 0 0 192 0 0 0 255 255 255 255 7 0 6 0 0 0 0 0 data 24 0x60007 0x788 0x78 0x2 0xe0002 0x2 0x110002 0x2 0x140007 0x0 0x68 0x2 0x1f0003 0x2 0x48 0x2a0002 0x788 0x2d0007 0x0 0x20 0x788 0x370003 0x2 0xffffffffffffff58 oops 0
ciMethodData java/util/concurrent/locks/AbstractQueuedSynchronizer$Node <init> ()V 1 6 orig 264 88 131 184 95 0 0 0 0 248 242 74 23 0 0 0 0 48 1 0 0 0 0 0 0 0 0 0 0 0 0 0 0 0 0 0 0 0 0 0 0 0 0 0 0 0 0 0 0 0 0 0 0 0 0 0 0 0 0 0 0 0 0 0 0 0 0 0 0 0 0 0 0 0 0 0 0 0 0 0 0 77 68 79 32 101 120 116 114 97 32 100 97 116 97 32 108 111 99 107 0 0 0 0 0 0 0 0 0 0 0 0 0 0 0 0 0 0 0 0 0 0 0 0 0 0 0 0 0 0 0 0 0 0 0 0 0 0 0 0 0 0 0 0 0 0 0 0 0 0 0 0 0 0 0 0 0 0 0 0 0 0 0 0 0 0 0 0 0 0 0 0 0 0 0 0 0 0 0 0 0 0 0 0 0 0 0 0 0 0 0 0 0 0 0 0 0 0 0 0 0 0 0 0 0 0 0 0 0 0 0 0 0 0 0 0 0 4 0 0 0 17 0 0 0 1 0 0 0 0 0 0 0 0 0 0 0 2 0 0 0 0 0 0 0 0 0 0 0 16 0 0 0 255 255 255 255 2 0 1 0 0 0 0 0 data 2 0x10002 0x2 oops 0
ciMethodData java/util/concurrent/locks/AbstractQueuedSynchronizer transferForSignal (Ljava/util/concurrent/locks/AbstractQueuedSynchronizer$Node;)Z 2 2179 orig 264 88 131 184 95 0 0 0 0 40 213 74 23 0 0 0 0 240 1 0 0 112 0 0 0 0 0 0 0 0 0 0 0 0 0 0 0 0 0 0 0 0 0 0 0 0 0 0 0 0 0 0 0 0 0 0 0 0 0 0 0 0 0 0 0 0 0 0 0 0 0 0 0 0 0 0 0 0 0 0 0 77 68 79 32 101 120 116 114 97 32 100 97 116 97 32 108 111 99 107 0 0 0 0 0 0 0 0 0 0 0 0 0 0 0 0 0 0 0 0 0 0 0 0 0 0 0 0 0 0 0 0 0 0 0 0 0 0 0 0 0 0 0 0 0 0 0 0 0 0 0 0 0 0 0 0 0 0 0 0 0 0 0 0 0 0 0 0 0 0 0 0 0 0 0 0 0 0 0 0 0 0 0 0 0 17 0 0 0 0 0 0 0 0 0 0 0 0 0 0 0 0 0 0 0 0 0 0 0 0 0 0 0 0 0 0 0 0 1 0 0 25 60 0 0 1 0 0 0 0 0 0 0 0 0 0 0 2 0 0 0 0 0 14 0 2 0 0 0 160 0 0 0 255 255 255 255 2 0 4 0 0 0 0 0 data 20 0x40002 0x783 0x70007 0x782 0x20 0x1 0xe0002 0x782 0x180007 0x0 0x50 0x782 0x1e0002 0x782 0x210007 0x782 0x30 0x0 0x280002 0x0 oops 0
ciMethodData java/util/concurrent/locks/AbstractQueuedSynchronizer$ConditionObject checkInterruptWhileWaiting (Ljava/util/concurrent/locks/AbstractQueuedSynchronizer$Node;)I 2 2273 orig 264 88 131 184 95 0 0 0 0 152 10 75 23 0 0 0 0 0 2 0 0 128 0 0 0 0 0 0 0 0 0 0 0 0 0 0 0 0 0 0 0 0 0 0 0 0 0 0 0 0 0 0 0 0 0 0 0 0 0 0 0 0 0 0 0 0 0 0 0 0 0 0 0 0 0 0 0 0 0 0 0 77 68 79 32 101 120 116 114 97 32 100 97 116 97 32 108 111 99 107 0 0 0 0 0 0 0 0 0 0 0 0 0 0 0 0 0 0 0 0 0 0 0 0 0 0 0 0 0 0 0 0 0 0 0 0 0 0 0 0 0 0 0 0 0 0 0 0 0 0 0 0 0 0 0 0 0 0 0 0 0 0 0 0 0 0 0 0 0 0 0 0 0 0 0 0 0 0 0 0 0 0 0 0 0 0 0 0 0 0 0 0 0 0 0 0 0 0 0 0 0 0 0 0 0 0 0 0 0 0 0 0 0 0 0 0 0 0 1 0 0 9 63 0 0 1 0 0 0 0 0 0 0 0 0 0 0 2 0 0 0 1 0 14 0 2 0 0 0 176 0 0 0 255 255 255 255 2 0 0 0 0 0 0 0 data 22 0x2 0x7e1 0x30007 0x7e1 0xa0 0x0 0xb0005 0x0 0x0 0x0 0x0 0x0 0xe0007 0x0 0x38 0x0 0x120003 0x0 0x30 0x160003 0x0 0x18 oops 0
ciMethodData java/util/concurrent/locks/LockSupport park (Ljava/lang/Object;)V 2 2366 orig 264 88 131 184 95 0 0 0 0 24 209 203 39 0 0 0 0 168 1 0 0 0 0 0 0 0 0 0 0 0 0 0 0 0 0 0 0 0 0 0 0 0 0 0 0 0 0 0 0 0 0 0 0 0 0 0 0 0 0 0 0 0 0 0 0 0 0 0 0 0 0 0 0 0 0 0 0 0 0 0 0 77 68 79 32 101 120 116 114 97 32 100 97 116 97 32 108 111 99 107 0 0 0 0 0 0 0 0 0 0 0 0 0 0 0 0 0 0 0 0 0 0 0 0 0 0 0 0 0 0 0 0 0 0 0 0 0 0 0 0 0 0 0 0 0 0 0 0 0 0 0 0 0 0 0 0 0 0 0 0 0 0 0 0 0 0 0 0 0 0 0 0 0 0 0 0 0 0 0 0 0 0 0 0 0 17 0 0 0 0 0 0 0 0 0 0 0 0 0 0 0 0 0 0 0 0 0 0 0 0 0 0 0 0 0 0 0 0 1 0 0 241 65 0 0 1 0 0 0 0 0 0 0 0 0 0 0 2 0 0 0 0 0 3 0 2 0 0 0 96 0 0 0 255 255 255 255 2 0 0 0 0 0 0 0 data 12 0x2 0x83e 0x60002 0x83e 0xe0005 0x0 0x1912d1a0 0x83e 0x0 0x0 0x130002 0x83c oops 1 6 sun/misc/Unsafe
ciMethodData java/util/HashSet remove (Ljava/lang/Object;)Z 2 2223 orig 264 88 131 184 95 0 0 0 0 80 140 30 23 0 0 0 0 184 1 0 0 0 0 0 0 0 0 0 0 0 0 0 0 0 0 0 0 0 0 0 0 0 0 0 0 0 0 0 0 0 0 0 0 0 0 0 0 0 0 0 0 0 0 0 0 0 0 0 0 0 0 0 0 0 0 0 0 0 0 0 0 77 68 79 32 101 120 116 114 97 32 100 97 116 97 32 108 111 99 107 0 0 0 0 0 0 0 0 0 0 0 0 0 0 0 0 0 0 0 0 0 0 0 0 0 0 0 0 0 0 0 0 0 0 0 0 0 0 0 0 0 0 0 0 0 0 0 0 0 0 0 0 0 0 0 0 0 0 0 0 0 0 0 0 0 0 0 0 0 0 0 0 0 0 0 0 0 0 0 0 0 0 0 0 0 0 0 0 0 0 0 0 0 0 0 0 0 0 0 0 0 0 0 0 0 0 0 0 0 0 0 0 0 0 0 0 0 0 1 0 0 121 61 0 0 1 0 0 0 0 0 0 0 0 0 0 0 2 0 0 0 0 0 6 0 2 0 0 0 104 0 0 0 255 255 255 255 5 0 5 0 0 0 0 0 data 13 0x50005 0x0 0x1936c950 0x7af 0x0 0x0 0xb0007 0x1 0x38 0x7ae 0xf0003 0x7ae 0x18 oops 1 2 java/util/HashMap
ciMethodData java/util/concurrent/locks/AbstractQueuedSynchronizer fullyRelease (Ljava/util/concurrent/locks/AbstractQueuedSynchronizer$Node;)I 2 2275 orig 264 88 131 184 95 0 0 0 0 200 214 74 23 0 0 0 0 32 2 0 0 128 0 0 0 0 0 0 0 0 0 0 0 0 0 0 0 0 0 0 0 0 0 0 0 0 0 0 0 0 0 0 0 0 0 0 0 0 0 0 0 0 0 0 0 0 0 0 0 0 0 0 0 0 0 0 0 0 0 0 0 77 68 79 32 101 120 116 114 97 32 100 97 116 97 32 108 111 99 107 0 0 0 0 0 0 0 0 0 0 0 0 0 0 0 0 0 0 0 0 0 0 0 0 0 0 0 0 0 0 0 0 0 0 0 0 0 0 0 0 0 0 0 0 0 0 0 0 0 0 0 0 0 0 0 0 0 0 0 0 0 0 0 0 0 0 0 0 0 0 0 0 0 0 0 0 0 0 0 0 0 0 0 0 0 0 0 0 0 0 0 0 0 0 0 0 0 0 0 0 0 0 0 0 0 0 0 0 0 0 0 0 0 0 0 0 0 124 1 0 0 57 59 0 0 1 0 0 0 0 0 0 0 0 0 0 0 2 0 0 0 0 0 20 0 2 0 0 0 208 0 0 0 255 255 255 255 5 0 3 0 0 0 0 0 data 26 0x30005 0x81 0x193db860 0x6e6 0x0 0x0 0x90005 0x81 0x193db860 0x6e6 0x0 0x0 0xc0007 0x0 0x40 0x767 0x150007 0x767 0x20 0x0 0x240002 0x0 0x2b0007 0x0 0x20 0x0 oops 2 2 java/util/concurrent/locks/ReentrantLock$NonfairSync 8 java/util/concurrent/locks/ReentrantLock$NonfairSync
instanceKlass java/security/DomainCombiner
instanceKlass java/awt/LightweightDispatcher$2
instanceKlass java/awt/Window$1DisposeAction
instanceKlass sun/awt/SunToolkit$1
instanceKlass java/awt/KeyboardFocusManager$2
instanceKlass java/awt/geom/EllipseIterator
instanceKlass javax/swing/plaf/synth/SynthGraphicsUtils$SynthIconWrapper
instanceKlass java/awt/WaitDispatchSupport$4
instanceKlass java/awt/WaitDispatchSupport$2
instanceKlass java/awt/WaitDispatchSupport$1
instanceKlass java/awt/WaitDispatchSupport$5
instanceKlass java/awt/WaitDispatchSupport
instanceKlass java/awt/SecondaryLoop
instanceKlass java/awt/Dialog$3
instanceKlass java/util/Vector$Itr
instanceKlass java/awt/Dialog$1
instanceKlass java/awt/ModalEventFilter$1
instanceKlass java/awt/peer/FileDialogPeer
instanceKlass sun/awt/util/IdentityLinkedList$ListItr
instanceKlass java/awt/Dialog$4
instanceKlass sun/awt/util/IdentityLinkedList$Entry
instanceKlass java/awt/event/WindowAdapter
instanceKlass javax/swing/JOptionPane$1
instanceKlass java/awt/GridBagLayoutInfo
instanceKlass javax/swing/SizeRequirements
instanceKlass java/awt/SystemColor$$Lambda$130
instanceKlass sun/awt/AWTAccessor$SystemColorAccessor
instanceKlass java/lang/invoke/LambdaForm$DMH
instanceKlass java/lang/invoke/LambdaForm$DMH
instanceKlass java/awt/peer/DialogPeer
instanceKlass javax/swing/plaf/basic/BasicOptionPaneUI$Handler
instanceKlass javax/swing/plaf/basic/BasicOptionPaneUI$2
instanceKlass javax/swing/plaf/basic/BasicOptionPaneUI$ButtonActionListener
instanceKlass javax/swing/plaf/basic/BasicOptionPaneUI$ButtonFactory
instanceKlass javax/swing/plaf/basic/BasicOptionPaneUI$ButtonAreaLayout
instanceKlass java/awt/GridBagConstraints
instanceKlass java/awt/GridBagLayout
instanceKlass com/mysql/cj/protocol/a/StringValueEncoder$1
instanceKlass com/mysql/cj/jdbc/ClientPreparedStatement$$Lambda$129
instanceKlass com/mysql/cj/jdbc/ClientPreparedStatement$$Lambda$128
instanceKlass java/lang/invoke/LambdaForm$BMH
instanceKlass com/mysql/cj/jdbc/ClientPreparedStatement$$Lambda$127
instanceKlass com/mysql/cj/jdbc/ClientPreparedStatement$$Lambda$126
instanceKlass com/mysql/cj/jdbc/ConnectionImpl$$Lambda$125
instanceKlass com/mysql/cj/jdbc/ConnectionImpl$$Lambda$124
instanceKlass com/mysql/cj/jdbc/ConnectionImpl$$Lambda$123
instanceKlass com/mysql/cj/jdbc/ConnectionImpl$$Lambda$122
instanceKlass com/mysql/cj/jdbc/ClientPreparedStatement$$Lambda$121
instanceKlass java/lang/invoke/LambdaForm$DMH
instanceKlass com/mysql/cj/NativeQueryBindValue
instanceKlass com/mysql/cj/NativeQueryBindings
instanceKlass java/util/RegularEnumSet$EnumSetIterator
